CRITICAL - 2025-05-05 07:00:46 --> CodeIgniter\View\Exceptions\ViewException: Invalid file: "/.php"
[Method: GET, Route: /]
in SYSTEMPATH\Exceptions\FrameworkException.php on line 39.
 1 SYSTEMPATH\View\View.php(212): CodeIgniter\Exceptions\FrameworkException::forInvalidFile('/.php')
 2 SYSTEMPATH\Common.php(1173): CodeIgniter\View\View->render('/', [], true)
 3 APPPATH\Config\Routes.php(12): view('/', [...])
 4 SYSTEMPATH\CodeIgniter.php(875): CodeIgniter\Router\RouteCollection->{closure}()
 5 SYSTEMPATH\CodeIgniter.php(494): CodeIgniter\CodeIgniter->startController()
 6 SYSTEMPATH\CodeIgniter.php(354): CodeIgniter\CodeIgniter->handleRequest(null, Object(Config\Cache), false)
 7 SYSTEMPATH\Boot.php(334): CodeIgniter\CodeIgniter->run()
 8 SYSTEMPATH\Boot.php(67): CodeIgniter\Boot::runCodeIgniter(Object(CodeIgniter\CodeIgniter))
 9 FCPATH\index.php(56): CodeIgniter\Boot::bootWeb(Object(Config\Paths))
10 SYSTEMPATH\rewrite.php(44): require_once('C:\\xampp\\htdocs\\uiri_clinic\\public\\index.php')
CRITICAL - 2025-05-05 07:00:48 --> CodeIgniter\View\Exceptions\ViewException: Invalid file: "/.php"
[Method: GET, Route: /]
in SYSTEMPATH\Exceptions\FrameworkException.php on line 39.
 1 SYSTEMPATH\View\View.php(212): CodeIgniter\Exceptions\FrameworkException::forInvalidFile('/.php')
 2 SYSTEMPATH\Common.php(1173): CodeIgniter\View\View->render('/', [], true)
 3 APPPATH\Config\Routes.php(12): view('/', [...])
 4 SYSTEMPATH\CodeIgniter.php(875): CodeIgniter\Router\RouteCollection->{closure}()
 5 SYSTEMPATH\CodeIgniter.php(494): CodeIgniter\CodeIgniter->startController()
 6 SYSTEMPATH\CodeIgniter.php(354): CodeIgniter\CodeIgniter->handleRequest(null, Object(Config\Cache), false)
 7 SYSTEMPATH\Boot.php(334): CodeIgniter\CodeIgniter->run()
 8 SYSTEMPATH\Boot.php(67): CodeIgniter\Boot::runCodeIgniter(Object(CodeIgniter\CodeIgniter))
 9 FCPATH\index.php(56): CodeIgniter\Boot::bootWeb(Object(Config\Paths))
10 SYSTEMPATH\rewrite.php(44): require_once('C:\\xampp\\htdocs\\uiri_clinic\\public\\index.php')
CRITICAL - 2025-05-05 07:00:54 --> CodeIgniter\View\Exceptions\ViewException: Invalid file: "/.php"
[Method: GET, Route: /]
in SYSTEMPATH\Exceptions\FrameworkException.php on line 39.
 1 SYSTEMPATH\View\View.php(212): CodeIgniter\Exceptions\FrameworkException::forInvalidFile('/.php')
 2 SYSTEMPATH\Common.php(1173): CodeIgniter\View\View->render('/', [], true)
 3 APPPATH\Config\Routes.php(12): view('/', [...])
 4 SYSTEMPATH\CodeIgniter.php(875): CodeIgniter\Router\RouteCollection->{closure}()
 5 SYSTEMPATH\CodeIgniter.php(494): CodeIgniter\CodeIgniter->startController()
 6 SYSTEMPATH\CodeIgniter.php(354): CodeIgniter\CodeIgniter->handleRequest(null, Object(Config\Cache), false)
 7 SYSTEMPATH\Boot.php(334): CodeIgniter\CodeIgniter->run()
 8 SYSTEMPATH\Boot.php(67): CodeIgniter\Boot::runCodeIgniter(Object(CodeIgniter\CodeIgniter))
 9 FCPATH\index.php(56): CodeIgniter\Boot::bootWeb(Object(Config\Paths))
10 SYSTEMPATH\rewrite.php(44): require_once('C:\\xampp\\htdocs\\uiri_clinic\\public\\index.php')
ERROR - 2025-05-05 07:56:49 --> mysqli_sql_exception: Unknown column 'd.name' in 'field list' in C:\xampp\htdocs\uiri_clinic\system\Database\MySQLi\Connection.php:327
Stack trace:
#0 C:\xampp\htdocs\uiri_clinic\system\Database\MySQLi\Connection.php(327): mysqli->query('SELECT `visits`...', 0)
#1 C:\xampp\htdocs\uiri_clinic\system\Database\BaseConnection.php(738): CodeIgniter\Database\MySQLi\Connection->execute('SELECT `visits`...')
#2 C:\xampp\htdocs\uiri_clinic\system\Database\BaseConnection.php(652): CodeIgniter\Database\BaseConnection->simpleQuery('SELECT `visits`...')
#3 C:\xampp\htdocs\uiri_clinic\system\Database\BaseBuilder.php(1649): CodeIgniter\Database\BaseConnection->query('SELECT `visits`...', Array, false)
#4 C:\xampp\htdocs\uiri_clinic\system\Model.php(286): CodeIgniter\Database\BaseBuilder->get()
#5 C:\xampp\htdocs\uiri_clinic\system\BaseModel.php(675): CodeIgniter\Model->doFindAll(0, 0)
#6 C:\xampp\htdocs\uiri_clinic\app\Models\VisitModel.php(35): CodeIgniter\BaseModel->findAll()
#7 C:\xampp\htdocs\uiri_clinic\app\Controllers\VisitController.php(27): App\Models\VisitModel->getVisitsWithRelations()
#8 C:\xampp\htdocs\uiri_clinic\system\CodeIgniter.php(933): App\Controllers\VisitController->index()
#9 C:\xampp\htdocs\uiri_clinic\system\CodeIgniter.php(507): CodeIgniter\CodeIgniter->runController(Object(App\Controllers\VisitController))
#10 C:\xampp\htdocs\uiri_clinic\system\CodeIgniter.php(354): CodeIgniter\CodeIgniter->handleRequest(NULL, Object(Config\Cache), false)
#11 C:\xampp\htdocs\uiri_clinic\system\Boot.php(334): CodeIgniter\CodeIgniter->run()
#12 C:\xampp\htdocs\uiri_clinic\system\Boot.php(67): CodeIgniter\Boot::runCodeIgniter(Object(CodeIgniter\CodeIgniter))
#13 C:\xampp\htdocs\uiri_clinic\public\index.php(56): CodeIgniter\Boot::bootWeb(Object(Config\Paths))
#14 C:\xampp\htdocs\uiri_clinic\system\rewrite.php(44): require_once('C:\\xampp\\htdocs...')
#15 {main}
CRITICAL - 2025-05-05 07:56:49 --> CodeIgniter\Database\Exceptions\DatabaseException: Unknown column 'd.name' in 'field list'
[Method: GET, Route: visits]
in SYSTEMPATH\Database\BaseConnection.php on line 692.
 1 SYSTEMPATH\Database\BaseBuilder.php(1649): CodeIgniter\Database\BaseConnection->query('SELECT `visits`.*, CONCAT(p.first_name, " ", p.last_name) AS patient_name, `d`.`name` AS `doctor_name`
FROM `visits`
JOIN `patients` `p` ON `p`.`patient_id` = `visits`.`patient_id`
JOIN `doctors` `d` ON `d`.`doctor_id` = `visits`.`doctor_id`
ORDER BY `visits`.`visit_date` DESC', [], false)
 2 SYSTEMPATH\Model.php(286): CodeIgniter\Database\BaseBuilder->get()
 3 SYSTEMPATH\BaseModel.php(675): CodeIgniter\Model->doFindAll(0, 0)
 4 APPPATH\Models\VisitModel.php(35): CodeIgniter\BaseModel->findAll()
 5 APPPATH\Controllers\VisitController.php(27): App\Models\VisitModel->getVisitsWithRelations()
 6 SYSTEMPATH\CodeIgniter.php(933): App\Controllers\VisitController->index()
 7 SYSTEMPATH\CodeIgniter.php(507): CodeIgniter\CodeIgniter->runController(Object(App\Controllers\VisitController))
 8 SYSTEMPATH\CodeIgniter.php(354): CodeIgniter\CodeIgniter->handleRequest(null, Object(Config\Cache), false)
 9 SYSTEMPATH\Boot.php(334): CodeIgniter\CodeIgniter->run()
10 SYSTEMPATH\Boot.php(67): CodeIgniter\Boot::runCodeIgniter(Object(CodeIgniter\CodeIgniter))
11 FCPATH\index.php(56): CodeIgniter\Boot::bootWeb(Object(Config\Paths))
12 SYSTEMPATH\rewrite.php(44): require_once('C:\\xampp\\htdocs\\uiri_clinic\\public\\index.php')
CRITICAL - 2025-05-05 07:56:49 --> [Caused by] CodeIgniter\Database\Exceptions\DatabaseException: Unknown column 'd.name' in 'field list'
in SYSTEMPATH\Database\MySQLi\Connection.php on line 332.
 1 SYSTEMPATH\Database\BaseConnection.php(738): CodeIgniter\Database\MySQLi\Connection->execute('SELECT `visits`.*, CONCAT(p.first_name, " ", p.last_name) AS patient_name, `d`.`name` AS `doctor_name`
FROM `visits`
JOIN `patients` `p` ON `p`.`patient_id` = `visits`.`patient_id`
JOIN `doctors` `d` ON `d`.`doctor_id` = `visits`.`doctor_id`
ORDER BY `visits`.`visit_date` DESC')
 2 SYSTEMPATH\Database\BaseConnection.php(652): CodeIgniter\Database\BaseConnection->simpleQuery('SELECT `visits`.*, CONCAT(p.first_name, " ", p.last_name) AS patient_name, `d`.`name` AS `doctor_name`
FROM `visits`
JOIN `patients` `p` ON `p`.`patient_id` = `visits`.`patient_id`
JOIN `doctors` `d` ON `d`.`doctor_id` = `visits`.`doctor_id`
ORDER BY `visits`.`visit_date` DESC')
 3 SYSTEMPATH\Database\BaseBuilder.php(1649): CodeIgniter\Database\BaseConnection->query('SELECT `visits`.*, CONCAT(p.first_name, " ", p.last_name) AS patient_name, `d`.`name` AS `doctor_name`
FROM `visits`
JOIN `patients` `p` ON `p`.`patient_id` = `visits`.`patient_id`
JOIN `doctors` `d` ON `d`.`doctor_id` = `visits`.`doctor_id`
ORDER BY `visits`.`visit_date` DESC', [], false)
 4 SYSTEMPATH\Model.php(286): CodeIgniter\Database\BaseBuilder->get()
 5 SYSTEMPATH\BaseModel.php(675): CodeIgniter\Model->doFindAll(0, 0)
 6 APPPATH\Models\VisitModel.php(35): CodeIgniter\BaseModel->findAll()
 7 APPPATH\Controllers\VisitController.php(27): App\Models\VisitModel->getVisitsWithRelations()
 8 SYSTEMPATH\CodeIgniter.php(933): App\Controllers\VisitController->index()
 9 SYSTEMPATH\CodeIgniter.php(507): CodeIgniter\CodeIgniter->runController(Object(App\Controllers\VisitController))
10 SYSTEMPATH\CodeIgniter.php(354): CodeIgniter\CodeIgniter->handleRequest(null, Object(Config\Cache), false)
11 SYSTEMPATH\Boot.php(334): CodeIgniter\CodeIgniter->run()
12 SYSTEMPATH\Boot.php(67): CodeIgniter\Boot::runCodeIgniter(Object(CodeIgniter\CodeIgniter))
13 FCPATH\index.php(56): CodeIgniter\Boot::bootWeb(Object(Config\Paths))
14 SYSTEMPATH\rewrite.php(44): require_once('C:\\xampp\\htdocs\\uiri_clinic\\public\\index.php')
CRITICAL - 2025-05-05 07:56:49 --> [Caused by] mysqli_sql_exception: Unknown column 'd.name' in 'field list'
in SYSTEMPATH\Database\MySQLi\Connection.php on line 327.
 1 SYSTEMPATH\Database\MySQLi\Connection.php(327): mysqli->query('SELECT `visits`.*, CONCAT(p.first_name, " ", p.last_name) AS patient_name, `d`.`name` AS `doctor_name`
FROM `visits`
JOIN `patients` `p` ON `p`.`patient_id` = `visits`.`patient_id`
JOIN `doctors` `d` ON `d`.`doctor_id` = `visits`.`doctor_id`
ORDER BY `visits`.`visit_date` DESC', 0)
 2 SYSTEMPATH\Database\BaseConnection.php(738): CodeIgniter\Database\MySQLi\Connection->execute('SELECT `visits`.*, CONCAT(p.first_name, " ", p.last_name) AS patient_name, `d`.`name` AS `doctor_name`
FROM `visits`
JOIN `patients` `p` ON `p`.`patient_id` = `visits`.`patient_id`
JOIN `doctors` `d` ON `d`.`doctor_id` = `visits`.`doctor_id`
ORDER BY `visits`.`visit_date` DESC')
 3 SYSTEMPATH\Database\BaseConnection.php(652): CodeIgniter\Database\BaseConnection->simpleQuery('SELECT `visits`.*, CONCAT(p.first_name, " ", p.last_name) AS patient_name, `d`.`name` AS `doctor_name`
FROM `visits`
JOIN `patients` `p` ON `p`.`patient_id` = `visits`.`patient_id`
JOIN `doctors` `d` ON `d`.`doctor_id` = `visits`.`doctor_id`
ORDER BY `visits`.`visit_date` DESC')
 4 SYSTEMPATH\Database\BaseBuilder.php(1649): CodeIgniter\Database\BaseConnection->query('SELECT `visits`.*, CONCAT(p.first_name, " ", p.last_name) AS patient_name, `d`.`name` AS `doctor_name`
FROM `visits`
JOIN `patients` `p` ON `p`.`patient_id` = `visits`.`patient_id`
JOIN `doctors` `d` ON `d`.`doctor_id` = `visits`.`doctor_id`
ORDER BY `visits`.`visit_date` DESC', [], false)
 5 SYSTEMPATH\Model.php(286): CodeIgniter\Database\BaseBuilder->get()
 6 SYSTEMPATH\BaseModel.php(675): CodeIgniter\Model->doFindAll(0, 0)
 7 APPPATH\Models\VisitModel.php(35): CodeIgniter\BaseModel->findAll()
 8 APPPATH\Controllers\VisitController.php(27): App\Models\VisitModel->getVisitsWithRelations()
 9 SYSTEMPATH\CodeIgniter.php(933): App\Controllers\VisitController->index()
10 SYSTEMPATH\CodeIgniter.php(507): CodeIgniter\CodeIgniter->runController(Object(App\Controllers\VisitController))
11 SYSTEMPATH\CodeIgniter.php(354): CodeIgniter\CodeIgniter->handleRequest(null, Object(Config\Cache), false)
12 SYSTEMPATH\Boot.php(334): CodeIgniter\CodeIgniter->run()
13 SYSTEMPATH\Boot.php(67): CodeIgniter\Boot::runCodeIgniter(Object(CodeIgniter\CodeIgniter))
14 FCPATH\index.php(56): CodeIgniter\Boot::bootWeb(Object(Config\Paths))
15 SYSTEMPATH\rewrite.php(44): require_once('C:\\xampp\\htdocs\\uiri_clinic\\public\\index.php')
ERROR - 2025-05-05 07:56:51 --> mysqli_sql_exception: Unknown column 'd.name' in 'field list' in C:\xampp\htdocs\uiri_clinic\system\Database\MySQLi\Connection.php:327
Stack trace:
#0 C:\xampp\htdocs\uiri_clinic\system\Database\MySQLi\Connection.php(327): mysqli->query('SELECT `visits`...', 0)
#1 C:\xampp\htdocs\uiri_clinic\system\Database\BaseConnection.php(738): CodeIgniter\Database\MySQLi\Connection->execute('SELECT `visits`...')
#2 C:\xampp\htdocs\uiri_clinic\system\Database\BaseConnection.php(652): CodeIgniter\Database\BaseConnection->simpleQuery('SELECT `visits`...')
#3 C:\xampp\htdocs\uiri_clinic\system\Database\BaseBuilder.php(1649): CodeIgniter\Database\BaseConnection->query('SELECT `visits`...', Array, false)
#4 C:\xampp\htdocs\uiri_clinic\system\Model.php(286): CodeIgniter\Database\BaseBuilder->get()
#5 C:\xampp\htdocs\uiri_clinic\system\BaseModel.php(675): CodeIgniter\Model->doFindAll(0, 0)
#6 C:\xampp\htdocs\uiri_clinic\app\Models\VisitModel.php(35): CodeIgniter\BaseModel->findAll()
#7 C:\xampp\htdocs\uiri_clinic\app\Controllers\VisitController.php(27): App\Models\VisitModel->getVisitsWithRelations()
#8 C:\xampp\htdocs\uiri_clinic\system\CodeIgniter.php(933): App\Controllers\VisitController->index()
#9 C:\xampp\htdocs\uiri_clinic\system\CodeIgniter.php(507): CodeIgniter\CodeIgniter->runController(Object(App\Controllers\VisitController))
#10 C:\xampp\htdocs\uiri_clinic\system\CodeIgniter.php(354): CodeIgniter\CodeIgniter->handleRequest(NULL, Object(Config\Cache), false)
#11 C:\xampp\htdocs\uiri_clinic\system\Boot.php(334): CodeIgniter\CodeIgniter->run()
#12 C:\xampp\htdocs\uiri_clinic\system\Boot.php(67): CodeIgniter\Boot::runCodeIgniter(Object(CodeIgniter\CodeIgniter))
#13 C:\xampp\htdocs\uiri_clinic\public\index.php(56): CodeIgniter\Boot::bootWeb(Object(Config\Paths))
#14 C:\xampp\htdocs\uiri_clinic\system\rewrite.php(44): require_once('C:\\xampp\\htdocs...')
#15 {main}
CRITICAL - 2025-05-05 07:56:51 --> CodeIgniter\Database\Exceptions\DatabaseException: Unknown column 'd.name' in 'field list'
[Method: GET, Route: visits]
in SYSTEMPATH\Database\BaseConnection.php on line 692.
 1 SYSTEMPATH\Database\BaseBuilder.php(1649): CodeIgniter\Database\BaseConnection->query('SELECT `visits`.*, CONCAT(p.first_name, " ", p.last_name) AS patient_name, `d`.`name` AS `doctor_name`
FROM `visits`
JOIN `patients` `p` ON `p`.`patient_id` = `visits`.`patient_id`
JOIN `doctors` `d` ON `d`.`doctor_id` = `visits`.`doctor_id`
ORDER BY `visits`.`visit_date` DESC', [], false)
 2 SYSTEMPATH\Model.php(286): CodeIgniter\Database\BaseBuilder->get()
 3 SYSTEMPATH\BaseModel.php(675): CodeIgniter\Model->doFindAll(0, 0)
 4 APPPATH\Models\VisitModel.php(35): CodeIgniter\BaseModel->findAll()
 5 APPPATH\Controllers\VisitController.php(27): App\Models\VisitModel->getVisitsWithRelations()
 6 SYSTEMPATH\CodeIgniter.php(933): App\Controllers\VisitController->index()
 7 SYSTEMPATH\CodeIgniter.php(507): CodeIgniter\CodeIgniter->runController(Object(App\Controllers\VisitController))
 8 SYSTEMPATH\CodeIgniter.php(354): CodeIgniter\CodeIgniter->handleRequest(null, Object(Config\Cache), false)
 9 SYSTEMPATH\Boot.php(334): CodeIgniter\CodeIgniter->run()
10 SYSTEMPATH\Boot.php(67): CodeIgniter\Boot::runCodeIgniter(Object(CodeIgniter\CodeIgniter))
11 FCPATH\index.php(56): CodeIgniter\Boot::bootWeb(Object(Config\Paths))
12 SYSTEMPATH\rewrite.php(44): require_once('C:\\xampp\\htdocs\\uiri_clinic\\public\\index.php')
CRITICAL - 2025-05-05 07:56:51 --> [Caused by] CodeIgniter\Database\Exceptions\DatabaseException: Unknown column 'd.name' in 'field list'
in SYSTEMPATH\Database\MySQLi\Connection.php on line 332.
 1 SYSTEMPATH\Database\BaseConnection.php(738): CodeIgniter\Database\MySQLi\Connection->execute('SELECT `visits`.*, CONCAT(p.first_name, " ", p.last_name) AS patient_name, `d`.`name` AS `doctor_name`
FROM `visits`
JOIN `patients` `p` ON `p`.`patient_id` = `visits`.`patient_id`
JOIN `doctors` `d` ON `d`.`doctor_id` = `visits`.`doctor_id`
ORDER BY `visits`.`visit_date` DESC')
 2 SYSTEMPATH\Database\BaseConnection.php(652): CodeIgniter\Database\BaseConnection->simpleQuery('SELECT `visits`.*, CONCAT(p.first_name, " ", p.last_name) AS patient_name, `d`.`name` AS `doctor_name`
FROM `visits`
JOIN `patients` `p` ON `p`.`patient_id` = `visits`.`patient_id`
JOIN `doctors` `d` ON `d`.`doctor_id` = `visits`.`doctor_id`
ORDER BY `visits`.`visit_date` DESC')
 3 SYSTEMPATH\Database\BaseBuilder.php(1649): CodeIgniter\Database\BaseConnection->query('SELECT `visits`.*, CONCAT(p.first_name, " ", p.last_name) AS patient_name, `d`.`name` AS `doctor_name`
FROM `visits`
JOIN `patients` `p` ON `p`.`patient_id` = `visits`.`patient_id`
JOIN `doctors` `d` ON `d`.`doctor_id` = `visits`.`doctor_id`
ORDER BY `visits`.`visit_date` DESC', [], false)
 4 SYSTEMPATH\Model.php(286): CodeIgniter\Database\BaseBuilder->get()
 5 SYSTEMPATH\BaseModel.php(675): CodeIgniter\Model->doFindAll(0, 0)
 6 APPPATH\Models\VisitModel.php(35): CodeIgniter\BaseModel->findAll()
 7 APPPATH\Controllers\VisitController.php(27): App\Models\VisitModel->getVisitsWithRelations()
 8 SYSTEMPATH\CodeIgniter.php(933): App\Controllers\VisitController->index()
 9 SYSTEMPATH\CodeIgniter.php(507): CodeIgniter\CodeIgniter->runController(Object(App\Controllers\VisitController))
10 SYSTEMPATH\CodeIgniter.php(354): CodeIgniter\CodeIgniter->handleRequest(null, Object(Config\Cache), false)
11 SYSTEMPATH\Boot.php(334): CodeIgniter\CodeIgniter->run()
12 SYSTEMPATH\Boot.php(67): CodeIgniter\Boot::runCodeIgniter(Object(CodeIgniter\CodeIgniter))
13 FCPATH\index.php(56): CodeIgniter\Boot::bootWeb(Object(Config\Paths))
14 SYSTEMPATH\rewrite.php(44): require_once('C:\\xampp\\htdocs\\uiri_clinic\\public\\index.php')
CRITICAL - 2025-05-05 07:56:51 --> [Caused by] mysqli_sql_exception: Unknown column 'd.name' in 'field list'
in SYSTEMPATH\Database\MySQLi\Connection.php on line 327.
 1 SYSTEMPATH\Database\MySQLi\Connection.php(327): mysqli->query('SELECT `visits`.*, CONCAT(p.first_name, " ", p.last_name) AS patient_name, `d`.`name` AS `doctor_name`
FROM `visits`
JOIN `patients` `p` ON `p`.`patient_id` = `visits`.`patient_id`
JOIN `doctors` `d` ON `d`.`doctor_id` = `visits`.`doctor_id`
ORDER BY `visits`.`visit_date` DESC', 0)
 2 SYSTEMPATH\Database\BaseConnection.php(738): CodeIgniter\Database\MySQLi\Connection->execute('SELECT `visits`.*, CONCAT(p.first_name, " ", p.last_name) AS patient_name, `d`.`name` AS `doctor_name`
FROM `visits`
JOIN `patients` `p` ON `p`.`patient_id` = `visits`.`patient_id`
JOIN `doctors` `d` ON `d`.`doctor_id` = `visits`.`doctor_id`
ORDER BY `visits`.`visit_date` DESC')
 3 SYSTEMPATH\Database\BaseConnection.php(652): CodeIgniter\Database\BaseConnection->simpleQuery('SELECT `visits`.*, CONCAT(p.first_name, " ", p.last_name) AS patient_name, `d`.`name` AS `doctor_name`
FROM `visits`
JOIN `patients` `p` ON `p`.`patient_id` = `visits`.`patient_id`
JOIN `doctors` `d` ON `d`.`doctor_id` = `visits`.`doctor_id`
ORDER BY `visits`.`visit_date` DESC')
 4 SYSTEMPATH\Database\BaseBuilder.php(1649): CodeIgniter\Database\BaseConnection->query('SELECT `visits`.*, CONCAT(p.first_name, " ", p.last_name) AS patient_name, `d`.`name` AS `doctor_name`
FROM `visits`
JOIN `patients` `p` ON `p`.`patient_id` = `visits`.`patient_id`
JOIN `doctors` `d` ON `d`.`doctor_id` = `visits`.`doctor_id`
ORDER BY `visits`.`visit_date` DESC', [], false)
 5 SYSTEMPATH\Model.php(286): CodeIgniter\Database\BaseBuilder->get()
 6 SYSTEMPATH\BaseModel.php(675): CodeIgniter\Model->doFindAll(0, 0)
 7 APPPATH\Models\VisitModel.php(35): CodeIgniter\BaseModel->findAll()
 8 APPPATH\Controllers\VisitController.php(27): App\Models\VisitModel->getVisitsWithRelations()
 9 SYSTEMPATH\CodeIgniter.php(933): App\Controllers\VisitController->index()
10 SYSTEMPATH\CodeIgniter.php(507): CodeIgniter\CodeIgniter->runController(Object(App\Controllers\VisitController))
11 SYSTEMPATH\CodeIgniter.php(354): CodeIgniter\CodeIgniter->handleRequest(null, Object(Config\Cache), false)
12 SYSTEMPATH\Boot.php(334): CodeIgniter\CodeIgniter->run()
13 SYSTEMPATH\Boot.php(67): CodeIgniter\Boot::runCodeIgniter(Object(CodeIgniter\CodeIgniter))
14 FCPATH\index.php(56): CodeIgniter\Boot::bootWeb(Object(Config\Paths))
15 SYSTEMPATH\rewrite.php(44): require_once('C:\\xampp\\htdocs\\uiri_clinic\\public\\index.php')
CRITICAL - 2025-05-05 08:01:17 --> CodeIgniter\View\Exceptions\ViewException: Invalid file: "visits/manage_visits.php"
[Method: GET, Route: visits]
in SYSTEMPATH\Exceptions\FrameworkException.php on line 39.
 1 SYSTEMPATH\View\View.php(212): CodeIgniter\Exceptions\FrameworkException::forInvalidFile('visits/manage_visits.php')
 2 SYSTEMPATH\Common.php(1173): CodeIgniter\View\View->render('visits/manage_visits', [], true)
 3 APPPATH\Controllers\VisitController.php(32): view('visits/manage_visits', [...])
 4 SYSTEMPATH\CodeIgniter.php(933): App\Controllers\VisitController->index()
 5 SYSTEMPATH\CodeIgniter.php(507): CodeIgniter\CodeIgniter->runController(Object(App\Controllers\VisitController))
 6 SYSTEMPATH\CodeIgniter.php(354): CodeIgniter\CodeIgniter->handleRequest(null, Object(Config\Cache), false)
 7 SYSTEMPATH\Boot.php(334): CodeIgniter\CodeIgniter->run()
 8 SYSTEMPATH\Boot.php(67): CodeIgniter\Boot::runCodeIgniter(Object(CodeIgniter\CodeIgniter))
 9 FCPATH\index.php(56): CodeIgniter\Boot::bootWeb(Object(Config\Paths))
10 SYSTEMPATH\rewrite.php(44): require_once('C:\\xampp\\htdocs\\uiri_clinic\\public\\index.php')
CRITICAL - 2025-05-05 08:43:33 --> ErrorException: Undefined variable $drugs
[Method: GET, Route: visits]
in APPPATH\Views\manage_visits.php on line 274.
 1 APPPATH\Views\manage_visits.php(274): CodeIgniter\Debug\Exceptions->errorHandler(2, 'Undefined variable $drugs', 'C:\\xampp\\htdocs\\uiri_clinic\\app\\Views\\manage_visits.php', 274)
 2 SYSTEMPATH\View\View.php(224): include('C:\\xampp\\htdocs\\uiri_clinic\\app\\Views\\manage_visits.php')
 3 SYSTEMPATH\View\View.php(227): CodeIgniter\View\View->CodeIgniter\View\{closure}()
 4 SYSTEMPATH\Common.php(1173): CodeIgniter\View\View->render('manage_visits', [], true)
 5 APPPATH\Controllers\VisitController.php(32): view('manage_visits', [...])
 6 SYSTEMPATH\CodeIgniter.php(933): App\Controllers\VisitController->index()
 7 SYSTEMPATH\CodeIgniter.php(507): CodeIgniter\CodeIgniter->runController(Object(App\Controllers\VisitController))
 8 SYSTEMPATH\CodeIgniter.php(354): CodeIgniter\CodeIgniter->handleRequest(null, Object(Config\Cache), false)
 9 SYSTEMPATH\Boot.php(334): CodeIgniter\CodeIgniter->run()
10 SYSTEMPATH\Boot.php(67): CodeIgniter\Boot::runCodeIgniter(Object(CodeIgniter\CodeIgniter))
11 FCPATH\index.php(56): CodeIgniter\Boot::bootWeb(Object(Config\Paths))
12 SYSTEMPATH\rewrite.php(44): require_once('C:\\xampp\\htdocs\\uiri_clinic\\public\\index.php')
CRITICAL - 2025-05-05 09:03:06 --> ErrorException: Undefined array key "name"
[Method: GET, Route: visits]
in APPPATH\Views\manage_visits.php on line 136.
 1 APPPATH\Views\manage_visits.php(136): CodeIgniter\Debug\Exceptions->errorHandler(2, 'Undefined array key "name"', 'C:\\xampp\\htdocs\\uiri_clinic\\app\\Views\\manage_visits.php', 136)
 2 SYSTEMPATH\View\View.php(224): include('C:\\xampp\\htdocs\\uiri_clinic\\app\\Views\\manage_visits.php')
 3 SYSTEMPATH\View\View.php(227): CodeIgniter\View\View->CodeIgniter\View\{closure}()
 4 SYSTEMPATH\Common.php(1173): CodeIgniter\View\View->render('manage_visits', [], true)
 5 APPPATH\Controllers\VisitController.php(44): view('manage_visits', [...])
 6 SYSTEMPATH\CodeIgniter.php(933): App\Controllers\VisitController->index()
 7 SYSTEMPATH\CodeIgniter.php(507): CodeIgniter\CodeIgniter->runController(Object(App\Controllers\VisitController))
 8 SYSTEMPATH\CodeIgniter.php(354): CodeIgniter\CodeIgniter->handleRequest(null, Object(Config\Cache), false)
 9 SYSTEMPATH\Boot.php(334): CodeIgniter\CodeIgniter->run()
10 SYSTEMPATH\Boot.php(67): CodeIgniter\Boot::runCodeIgniter(Object(CodeIgniter\CodeIgniter))
11 FCPATH\index.php(56): CodeIgniter\Boot::bootWeb(Object(Config\Paths))
12 SYSTEMPATH\rewrite.php(44): require_once('C:\\xampp\\htdocs\\uiri_clinic\\public\\index.php')
