CRITICAL - 2025-04-24 06:36:54 --> CodeIgniter\View\Exceptions\ViewException: Invalid file: "partials/sidebar.php"
[Method: GET, Route: dashboard]
in SYSTEMPATH\Exceptions\FrameworkException.php on line 39.
 1 SYSTEMPATH\View\View.php(212): CodeIgniter\Exceptions\FrameworkException::forInvalidFile('partials/sidebar.php')
 2 SYSTEMPATH\Common.php(1173): CodeIgniter\View\View->render('partials/sidebar', [], true)
 3 APPPATH\Views\dashboard.php(5): view('partials/sidebar')
 4 SYSTEMPATH\View\View.php(224): include('C:\\xampp\\htdocs\\uiri_clinic\\app\\Views\\dashboard.php')
 5 SYSTEMPATH\View\View.php(227): CodeIgniter\View\View->CodeIgniter\View\{closure}()
 6 SYSTEMPATH\Common.php(1173): CodeIgniter\View\View->render('dashboard', [], true)
 7 APPPATH\Config\Routes.php(20): view('dashboard', [...])
 8 SYSTEMPATH\CodeIgniter.php(875): CodeIgniter\Router\RouteCollection->{closure}()
 9 SYSTEMPATH\CodeIgniter.php(494): CodeIgniter\CodeIgniter->startController()
10 SYSTEMPATH\CodeIgniter.php(354): CodeIgniter\CodeIgniter->handleRequest(null, Object(Config\Cache), false)
11 SYSTEMPATH\Boot.php(334): CodeIgniter\CodeIgniter->run()
12 SYSTEMPATH\Boot.php(67): CodeIgniter\Boot::runCodeIgniter(Object(CodeIgniter\CodeIgniter))
13 FCPATH\index.php(56): CodeIgniter\Boot::bootWeb(Object(Config\Paths))
14 SYSTEMPATH\rewrite.php(44): require_once('C:\\xampp\\htdocs\\uiri_clinic\\public\\index.php')
CRITICAL - 2025-04-24 06:37:04 --> CodeIgniter\View\Exceptions\ViewException: Invalid file: "partials/sidebar.php"
[Method: GET, Route: dashboard]
in SYSTEMPATH\Exceptions\FrameworkException.php on line 39.
 1 SYSTEMPATH\View\View.php(212): CodeIgniter\Exceptions\FrameworkException::forInvalidFile('partials/sidebar.php')
 2 SYSTEMPATH\Common.php(1173): CodeIgniter\View\View->render('partials/sidebar', [], true)
 3 APPPATH\Views\dashboard.php(5): view('partials/sidebar')
 4 SYSTEMPATH\View\View.php(224): include('C:\\xampp\\htdocs\\uiri_clinic\\app\\Views\\dashboard.php')
 5 SYSTEMPATH\View\View.php(227): CodeIgniter\View\View->CodeIgniter\View\{closure}()
 6 SYSTEMPATH\Common.php(1173): CodeIgniter\View\View->render('dashboard', [], true)
 7 APPPATH\Config\Routes.php(20): view('dashboard', [...])
 8 SYSTEMPATH\CodeIgniter.php(875): CodeIgniter\Router\RouteCollection->{closure}()
 9 SYSTEMPATH\CodeIgniter.php(494): CodeIgniter\CodeIgniter->startController()
10 SYSTEMPATH\CodeIgniter.php(354): CodeIgniter\CodeIgniter->handleRequest(null, Object(Config\Cache), false)
11 SYSTEMPATH\Boot.php(334): CodeIgniter\CodeIgniter->run()
12 SYSTEMPATH\Boot.php(67): CodeIgniter\Boot::runCodeIgniter(Object(CodeIgniter\CodeIgniter))
13 FCPATH\index.php(56): CodeIgniter\Boot::bootWeb(Object(Config\Paths))
14 SYSTEMPATH\rewrite.php(44): require_once('C:\\xampp\\htdocs\\uiri_clinic\\public\\index.php')
CRITICAL - 2025-04-24 06:37:16 --> CodeIgniter\View\Exceptions\ViewException: Invalid file: "partials/sidebar.php"
[Method: GET, Route: dashboard]
in SYSTEMPATH\Exceptions\FrameworkException.php on line 39.
 1 SYSTEMPATH\View\View.php(212): CodeIgniter\Exceptions\FrameworkException::forInvalidFile('partials/sidebar.php')
 2 SYSTEMPATH\Common.php(1173): CodeIgniter\View\View->render('partials/sidebar', [], true)
 3 APPPATH\Views\dashboard.php(5): view('partials/sidebar')
 4 SYSTEMPATH\View\View.php(224): include('C:\\xampp\\htdocs\\uiri_clinic\\app\\Views\\dashboard.php')
 5 SYSTEMPATH\View\View.php(227): CodeIgniter\View\View->CodeIgniter\View\{closure}()
 6 SYSTEMPATH\Common.php(1173): CodeIgniter\View\View->render('dashboard', [], true)
 7 APPPATH\Config\Routes.php(20): view('dashboard', [...])
 8 SYSTEMPATH\CodeIgniter.php(875): CodeIgniter\Router\RouteCollection->{closure}()
 9 SYSTEMPATH\CodeIgniter.php(494): CodeIgniter\CodeIgniter->startController()
10 SYSTEMPATH\CodeIgniter.php(354): CodeIgniter\CodeIgniter->handleRequest(null, Object(Config\Cache), false)
11 SYSTEMPATH\Boot.php(334): CodeIgniter\CodeIgniter->run()
12 SYSTEMPATH\Boot.php(67): CodeIgniter\Boot::runCodeIgniter(Object(CodeIgniter\CodeIgniter))
13 FCPATH\index.php(56): CodeIgniter\Boot::bootWeb(Object(Config\Paths))
14 SYSTEMPATH\rewrite.php(44): require_once('C:\\xampp\\htdocs\\uiri_clinic\\public\\index.php')
CRITICAL - 2025-04-24 08:24:54 --> ErrorException: Undefined variable $doctors
[Method: GET, Route: doctors/manage]
in APPPATH\Views\manage_doctors.php on line 55.
 1 APPPATH\Views\manage_doctors.php(55): CodeIgniter\Debug\Exceptions->errorHandler(2, 'Undefined variable $doctors', 'C:\\xampp\\htdocs\\uiri_clinic\\app\\Views\\manage_doctors.php', 55)
 2 SYSTEMPATH\View\View.php(224): include('C:\\xampp\\htdocs\\uiri_clinic\\app\\Views\\manage_doctors.php')
 3 SYSTEMPATH\View\View.php(227): CodeIgniter\View\View->CodeIgniter\View\{closure}()
 4 SYSTEMPATH\Common.php(1173): CodeIgniter\View\View->render('manage_doctors', [], true)
 5 APPPATH\Controllers\Doctor.php(9): view('manage_doctors', [...])
 6 SYSTEMPATH\CodeIgniter.php(933): App\Controllers\Doctor->manage()
 7 SYSTEMPATH\CodeIgniter.php(507): CodeIgniter\CodeIgniter->runController(Object(App\Controllers\Doctor))
 8 SYSTEMPATH\CodeIgniter.php(354): CodeIgniter\CodeIgniter->handleRequest(null, Object(Config\Cache), false)
 9 SYSTEMPATH\Boot.php(334): CodeIgniter\CodeIgniter->run()
10 SYSTEMPATH\Boot.php(67): CodeIgniter\Boot::runCodeIgniter(Object(CodeIgniter\CodeIgniter))
11 FCPATH\index.php(56): CodeIgniter\Boot::bootWeb(Object(Config\Paths))
12 SYSTEMPATH\rewrite.php(44): require_once('C:\\xampp\\htdocs\\uiri_clinic\\public\\index.php')
CRITICAL - 2025-04-24 08:29:44 --> ErrorException: Undefined variable $doctors
[Method: GET, Route: doctors/manage]
in APPPATH\Views\manage_doctors.php on line 55.
 1 APPPATH\Views\manage_doctors.php(55): CodeIgniter\Debug\Exceptions->errorHandler(2, 'Undefined variable $doctors', 'C:\\xampp\\htdocs\\uiri_clinic\\app\\Views\\manage_doctors.php', 55)
 2 SYSTEMPATH\View\View.php(224): include('C:\\xampp\\htdocs\\uiri_clinic\\app\\Views\\manage_doctors.php')
 3 SYSTEMPATH\View\View.php(227): CodeIgniter\View\View->CodeIgniter\View\{closure}()
 4 SYSTEMPATH\Common.php(1173): CodeIgniter\View\View->render('manage_doctors', [], true)
 5 APPPATH\Controllers\Doctor.php(9): view('manage_doctors', [...])
 6 SYSTEMPATH\CodeIgniter.php(933): App\Controllers\Doctor->manage()
 7 SYSTEMPATH\CodeIgniter.php(507): CodeIgniter\CodeIgniter->runController(Object(App\Controllers\Doctor))
 8 SYSTEMPATH\CodeIgniter.php(354): CodeIgniter\CodeIgniter->handleRequest(null, Object(Config\Cache), false)
 9 SYSTEMPATH\Boot.php(334): CodeIgniter\CodeIgniter->run()
10 SYSTEMPATH\Boot.php(67): CodeIgniter\Boot::runCodeIgniter(Object(CodeIgniter\CodeIgniter))
11 FCPATH\index.php(56): CodeIgniter\Boot::bootWeb(Object(Config\Paths))
12 SYSTEMPATH\rewrite.php(44): require_once('C:\\xampp\\htdocs\\uiri_clinic\\public\\index.php')
CRITICAL - 2025-04-24 08:29:47 --> ErrorException: Undefined variable $doctors
[Method: GET, Route: doctors/manage]
in APPPATH\Views\manage_doctors.php on line 55.
 1 APPPATH\Views\manage_doctors.php(55): CodeIgniter\Debug\Exceptions->errorHandler(2, 'Undefined variable $doctors', 'C:\\xampp\\htdocs\\uiri_clinic\\app\\Views\\manage_doctors.php', 55)
 2 SYSTEMPATH\View\View.php(224): include('C:\\xampp\\htdocs\\uiri_clinic\\app\\Views\\manage_doctors.php')
 3 SYSTEMPATH\View\View.php(227): CodeIgniter\View\View->CodeIgniter\View\{closure}()
 4 SYSTEMPATH\Common.php(1173): CodeIgniter\View\View->render('manage_doctors', [], true)
 5 APPPATH\Controllers\Doctor.php(9): view('manage_doctors', [...])
 6 SYSTEMPATH\CodeIgniter.php(933): App\Controllers\Doctor->manage()
 7 SYSTEMPATH\CodeIgniter.php(507): CodeIgniter\CodeIgniter->runController(Object(App\Controllers\Doctor))
 8 SYSTEMPATH\CodeIgniter.php(354): CodeIgniter\CodeIgniter->handleRequest(null, Object(Config\Cache), false)
 9 SYSTEMPATH\Boot.php(334): CodeIgniter\CodeIgniter->run()
10 SYSTEMPATH\Boot.php(67): CodeIgniter\Boot::runCodeIgniter(Object(CodeIgniter\CodeIgniter))
11 FCPATH\index.php(56): CodeIgniter\Boot::bootWeb(Object(Config\Paths))
12 SYSTEMPATH\rewrite.php(44): require_once('C:\\xampp\\htdocs\\uiri_clinic\\public\\index.php')
CRITICAL - 2025-04-24 08:35:24 --> ErrorException: Undefined variable $doctors
[Method: GET, Route: doctors/manage]
in APPPATH\Views\manage_doctors.php on line 55.
 1 APPPATH\Views\manage_doctors.php(55): CodeIgniter\Debug\Exceptions->errorHandler(2, 'Undefined variable $doctors', 'C:\\xampp\\htdocs\\uiri_clinic\\app\\Views\\manage_doctors.php', 55)
 2 SYSTEMPATH\View\View.php(224): include('C:\\xampp\\htdocs\\uiri_clinic\\app\\Views\\manage_doctors.php')
 3 SYSTEMPATH\View\View.php(227): CodeIgniter\View\View->CodeIgniter\View\{closure}()
 4 SYSTEMPATH\Common.php(1173): CodeIgniter\View\View->render('manage_doctors', [], true)
 5 APPPATH\Controllers\Doctor.php(9): view('manage_doctors', [...])
 6 SYSTEMPATH\CodeIgniter.php(933): App\Controllers\Doctor->manage()
 7 SYSTEMPATH\CodeIgniter.php(507): CodeIgniter\CodeIgniter->runController(Object(App\Controllers\Doctor))
 8 SYSTEMPATH\CodeIgniter.php(354): CodeIgniter\CodeIgniter->handleRequest(null, Object(Config\Cache), false)
 9 SYSTEMPATH\Boot.php(334): CodeIgniter\CodeIgniter->run()
10 SYSTEMPATH\Boot.php(67): CodeIgniter\Boot::runCodeIgniter(Object(CodeIgniter\CodeIgniter))
11 FCPATH\index.php(56): CodeIgniter\Boot::bootWeb(Object(Config\Paths))
12 SYSTEMPATH\rewrite.php(44): require_once('C:\\xampp\\htdocs\\uiri_clinic\\public\\index.php')
CRITICAL - 2025-04-24 08:35:35 --> ErrorException: Undefined variable $doctors
[Method: GET, Route: doctors/manage]
in APPPATH\Views\manage_doctors.php on line 55.
 1 APPPATH\Views\manage_doctors.php(55): CodeIgniter\Debug\Exceptions->errorHandler(2, 'Undefined variable $doctors', 'C:\\xampp\\htdocs\\uiri_clinic\\app\\Views\\manage_doctors.php', 55)
 2 SYSTEMPATH\View\View.php(224): include('C:\\xampp\\htdocs\\uiri_clinic\\app\\Views\\manage_doctors.php')
 3 SYSTEMPATH\View\View.php(227): CodeIgniter\View\View->CodeIgniter\View\{closure}()
 4 SYSTEMPATH\Common.php(1173): CodeIgniter\View\View->render('manage_doctors', [], true)
 5 APPPATH\Controllers\Doctor.php(9): view('manage_doctors', [...])
 6 SYSTEMPATH\CodeIgniter.php(933): App\Controllers\Doctor->manage()
 7 SYSTEMPATH\CodeIgniter.php(507): CodeIgniter\CodeIgniter->runController(Object(App\Controllers\Doctor))
 8 SYSTEMPATH\CodeIgniter.php(354): CodeIgniter\CodeIgniter->handleRequest(null, Object(Config\Cache), false)
 9 SYSTEMPATH\Boot.php(334): CodeIgniter\CodeIgniter->run()
10 SYSTEMPATH\Boot.php(67): CodeIgniter\Boot::runCodeIgniter(Object(CodeIgniter\CodeIgniter))
11 FCPATH\index.php(56): CodeIgniter\Boot::bootWeb(Object(Config\Paths))
12 SYSTEMPATH\rewrite.php(44): require_once('C:\\xampp\\htdocs\\uiri_clinic\\public\\index.php')
CRITICAL - 2025-04-24 08:37:15 --> ErrorException: Undefined variable $doctors
[Method: GET, Route: doctors/manage]
in APPPATH\Views\manage_doctors.php on line 55.
 1 APPPATH\Views\manage_doctors.php(55): CodeIgniter\Debug\Exceptions->errorHandler(2, 'Undefined variable $doctors', 'C:\\xampp\\htdocs\\uiri_clinic\\app\\Views\\manage_doctors.php', 55)
 2 SYSTEMPATH\View\View.php(224): include('C:\\xampp\\htdocs\\uiri_clinic\\app\\Views\\manage_doctors.php')
 3 SYSTEMPATH\View\View.php(227): CodeIgniter\View\View->CodeIgniter\View\{closure}()
 4 SYSTEMPATH\Common.php(1173): CodeIgniter\View\View->render('manage_doctors', [], true)
 5 APPPATH\Controllers\Doctor.php(9): view('manage_doctors', [...])
 6 SYSTEMPATH\CodeIgniter.php(933): App\Controllers\Doctor->manage()
 7 SYSTEMPATH\CodeIgniter.php(507): CodeIgniter\CodeIgniter->runController(Object(App\Controllers\Doctor))
 8 SYSTEMPATH\CodeIgniter.php(354): CodeIgniter\CodeIgniter->handleRequest(null, Object(Config\Cache), false)
 9 SYSTEMPATH\Boot.php(334): CodeIgniter\CodeIgniter->run()
10 SYSTEMPATH\Boot.php(67): CodeIgniter\Boot::runCodeIgniter(Object(CodeIgniter\CodeIgniter))
11 FCPATH\index.php(56): CodeIgniter\Boot::bootWeb(Object(Config\Paths))
12 SYSTEMPATH\rewrite.php(44): require_once('C:\\xampp\\htdocs\\uiri_clinic\\public\\index.php')
CRITICAL - 2025-04-24 09:19:42 --> ErrorException: Undefined variable $doctors
[Method: GET, Route: doctors/manage]
in APPPATH\Views\manage_doctors.php on line 55.
 1 APPPATH\Views\manage_doctors.php(55): CodeIgniter\Debug\Exceptions->errorHandler(2, 'Undefined variable $doctors', 'C:\\xampp\\htdocs\\uiri_clinic\\app\\Views\\manage_doctors.php', 55)
 2 SYSTEMPATH\View\View.php(224): include('C:\\xampp\\htdocs\\uiri_clinic\\app\\Views\\manage_doctors.php')
 3 SYSTEMPATH\View\View.php(227): CodeIgniter\View\View->CodeIgniter\View\{closure}()
 4 SYSTEMPATH\Common.php(1173): CodeIgniter\View\View->render('manage_doctors', [], true)
 5 APPPATH\Controllers\Doctor.php(9): view('manage_doctors', [...])
 6 SYSTEMPATH\CodeIgniter.php(933): App\Controllers\Doctor->manage()
 7 SYSTEMPATH\CodeIgniter.php(507): CodeIgniter\CodeIgniter->runController(Object(App\Controllers\Doctor))
 8 SYSTEMPATH\CodeIgniter.php(354): CodeIgniter\CodeIgniter->handleRequest(null, Object(Config\Cache), false)
 9 SYSTEMPATH\Boot.php(334): CodeIgniter\CodeIgniter->run()
10 SYSTEMPATH\Boot.php(67): CodeIgniter\Boot::runCodeIgniter(Object(CodeIgniter\CodeIgniter))
11 FCPATH\index.php(56): CodeIgniter\Boot::bootWeb(Object(Config\Paths))
12 SYSTEMPATH\rewrite.php(44): require_once('C:\\xampp\\htdocs\\uiri_clinic\\public\\index.php')
CRITICAL - 2025-04-24 09:20:22 --> ErrorException: Undefined variable $doctors
[Method: GET, Route: doctors/manage]
in APPPATH\Views\manage_doctors.php on line 55.
 1 APPPATH\Views\manage_doctors.php(55): CodeIgniter\Debug\Exceptions->errorHandler(2, 'Undefined variable $doctors', 'C:\\xampp\\htdocs\\uiri_clinic\\app\\Views\\manage_doctors.php', 55)
 2 SYSTEMPATH\View\View.php(224): include('C:\\xampp\\htdocs\\uiri_clinic\\app\\Views\\manage_doctors.php')
 3 SYSTEMPATH\View\View.php(227): CodeIgniter\View\View->CodeIgniter\View\{closure}()
 4 SYSTEMPATH\Common.php(1173): CodeIgniter\View\View->render('manage_doctors', [], true)
 5 APPPATH\Controllers\Doctor.php(9): view('manage_doctors', [...])
 6 SYSTEMPATH\CodeIgniter.php(933): App\Controllers\Doctor->manage()
 7 SYSTEMPATH\CodeIgniter.php(507): CodeIgniter\CodeIgniter->runController(Object(App\Controllers\Doctor))
 8 SYSTEMPATH\CodeIgniter.php(354): CodeIgniter\CodeIgniter->handleRequest(null, Object(Config\Cache), false)
 9 SYSTEMPATH\Boot.php(334): CodeIgniter\CodeIgniter->run()
10 SYSTEMPATH\Boot.php(67): CodeIgniter\Boot::runCodeIgniter(Object(CodeIgniter\CodeIgniter))
11 FCPATH\index.php(56): CodeIgniter\Boot::bootWeb(Object(Config\Paths))
12 SYSTEMPATH\rewrite.php(44): require_once('C:\\xampp\\htdocs\\uiri_clinic\\public\\index.php')
CRITICAL - 2025-04-24 11:24:45 --> ErrorException: Undefined variable $doctors
[Method: GET, Route: doctors/manage]
in APPPATH\Views\manage_doctors.php on line 55.
 1 APPPATH\Views\manage_doctors.php(55): CodeIgniter\Debug\Exceptions->errorHandler(2, 'Undefined variable $doctors', 'C:\\xampp\\htdocs\\uiri_clinic\\app\\Views\\manage_doctors.php', 55)
 2 SYSTEMPATH\View\View.php(224): include('C:\\xampp\\htdocs\\uiri_clinic\\app\\Views\\manage_doctors.php')
 3 SYSTEMPATH\View\View.php(227): CodeIgniter\View\View->CodeIgniter\View\{closure}()
 4 SYSTEMPATH\Common.php(1173): CodeIgniter\View\View->render('manage_doctors', [], true)
 5 APPPATH\Controllers\Doctor.php(9): view('manage_doctors', [...])
 6 SYSTEMPATH\CodeIgniter.php(933): App\Controllers\Doctor->manage()
 7 SYSTEMPATH\CodeIgniter.php(507): CodeIgniter\CodeIgniter->runController(Object(App\Controllers\Doctor))
 8 SYSTEMPATH\CodeIgniter.php(354): CodeIgniter\CodeIgniter->handleRequest(null, Object(Config\Cache), false)
 9 SYSTEMPATH\Boot.php(334): CodeIgniter\CodeIgniter->run()
10 SYSTEMPATH\Boot.php(67): CodeIgniter\Boot::runCodeIgniter(Object(CodeIgniter\CodeIgniter))
11 FCPATH\index.php(56): CodeIgniter\Boot::bootWeb(Object(Config\Paths))
12 SYSTEMPATH\rewrite.php(44): require_once('C:\\xampp\\htdocs\\uiri_clinic\\public\\index.php')
CRITICAL - 2025-04-24 12:00:22 --> ErrorException: Undefined array key "id"
[Method: GET, Route: doctors]
in APPPATH\Views\manage_doctors.php on line 61.
 1 APPPATH\Views\manage_doctors.php(61): CodeIgniter\Debug\Exceptions->errorHandler(2, 'Undefined array key "id"', 'C:\\xampp\\htdocs\\uiri_clinic\\app\\Views\\manage_doctors.php', 61)
 2 SYSTEMPATH\View\View.php(224): include('C:\\xampp\\htdocs\\uiri_clinic\\app\\Views\\manage_doctors.php')
 3 SYSTEMPATH\View\View.php(227): CodeIgniter\View\View->CodeIgniter\View\{closure}()
 4 SYSTEMPATH\Common.php(1173): CodeIgniter\View\View->render('manage_doctors', [], true)
 5 APPPATH\Controllers\DoctorController.php(23): view('manage_doctors', [...])
 6 SYSTEMPATH\CodeIgniter.php(933): App\Controllers\DoctorController->index()
 7 SYSTEMPATH\CodeIgniter.php(507): CodeIgniter\CodeIgniter->runController(Object(App\Controllers\DoctorController))
 8 SYSTEMPATH\CodeIgniter.php(354): CodeIgniter\CodeIgniter->handleRequest(null, Object(Config\Cache), false)
 9 SYSTEMPATH\Boot.php(334): CodeIgniter\CodeIgniter->run()
10 SYSTEMPATH\Boot.php(67): CodeIgniter\Boot::runCodeIgniter(Object(CodeIgniter\CodeIgniter))
11 FCPATH\index.php(56): CodeIgniter\Boot::bootWeb(Object(Config\Paths))
12 SYSTEMPATH\rewrite.php(44): require_once('C:\\xampp\\htdocs\\uiri_clinic\\public\\index.php')
CRITICAL - 2025-04-24 12:00:25 --> ErrorException: Undefined array key "id"
[Method: GET, Route: doctors]
in APPPATH\Views\manage_doctors.php on line 61.
 1 APPPATH\Views\manage_doctors.php(61): CodeIgniter\Debug\Exceptions->errorHandler(2, 'Undefined array key "id"', 'C:\\xampp\\htdocs\\uiri_clinic\\app\\Views\\manage_doctors.php', 61)
 2 SYSTEMPATH\View\View.php(224): include('C:\\xampp\\htdocs\\uiri_clinic\\app\\Views\\manage_doctors.php')
 3 SYSTEMPATH\View\View.php(227): CodeIgniter\View\View->CodeIgniter\View\{closure}()
 4 SYSTEMPATH\Common.php(1173): CodeIgniter\View\View->render('manage_doctors', [], true)
 5 APPPATH\Controllers\DoctorController.php(23): view('manage_doctors', [...])
 6 SYSTEMPATH\CodeIgniter.php(933): App\Controllers\DoctorController->index()
 7 SYSTEMPATH\CodeIgniter.php(507): CodeIgniter\CodeIgniter->runController(Object(App\Controllers\DoctorController))
 8 SYSTEMPATH\CodeIgniter.php(354): CodeIgniter\CodeIgniter->handleRequest(null, Object(Config\Cache), false)
 9 SYSTEMPATH\Boot.php(334): CodeIgniter\CodeIgniter->run()
10 SYSTEMPATH\Boot.php(67): CodeIgniter\Boot::runCodeIgniter(Object(CodeIgniter\CodeIgniter))
11 FCPATH\index.php(56): CodeIgniter\Boot::bootWeb(Object(Config\Paths))
12 SYSTEMPATH\rewrite.php(44): require_once('C:\\xampp\\htdocs\\uiri_clinic\\public\\index.php')
CRITICAL - 2025-04-24 12:00:26 --> ErrorException: Undefined array key "id"
[Method: GET, Route: doctors]
in APPPATH\Views\manage_doctors.php on line 61.
 1 APPPATH\Views\manage_doctors.php(61): CodeIgniter\Debug\Exceptions->errorHandler(2, 'Undefined array key "id"', 'C:\\xampp\\htdocs\\uiri_clinic\\app\\Views\\manage_doctors.php', 61)
 2 SYSTEMPATH\View\View.php(224): include('C:\\xampp\\htdocs\\uiri_clinic\\app\\Views\\manage_doctors.php')
 3 SYSTEMPATH\View\View.php(227): CodeIgniter\View\View->CodeIgniter\View\{closure}()
 4 SYSTEMPATH\Common.php(1173): CodeIgniter\View\View->render('manage_doctors', [], true)
 5 APPPATH\Controllers\DoctorController.php(23): view('manage_doctors', [...])
 6 SYSTEMPATH\CodeIgniter.php(933): App\Controllers\DoctorController->index()
 7 SYSTEMPATH\CodeIgniter.php(507): CodeIgniter\CodeIgniter->runController(Object(App\Controllers\DoctorController))
 8 SYSTEMPATH\CodeIgniter.php(354): CodeIgniter\CodeIgniter->handleRequest(null, Object(Config\Cache), false)
 9 SYSTEMPATH\Boot.php(334): CodeIgniter\CodeIgniter->run()
10 SYSTEMPATH\Boot.php(67): CodeIgniter\Boot::runCodeIgniter(Object(CodeIgniter\CodeIgniter))
11 FCPATH\index.php(56): CodeIgniter\Boot::bootWeb(Object(Config\Paths))
12 SYSTEMPATH\rewrite.php(44): require_once('C:\\xampp\\htdocs\\uiri_clinic\\public\\index.php')
CRITICAL - 2025-04-24 12:00:30 --> ErrorException: Undefined array key "id"
[Method: GET, Route: doctors]
in APPPATH\Views\manage_doctors.php on line 61.
 1 APPPATH\Views\manage_doctors.php(61): CodeIgniter\Debug\Exceptions->errorHandler(2, 'Undefined array key "id"', 'C:\\xampp\\htdocs\\uiri_clinic\\app\\Views\\manage_doctors.php', 61)
 2 SYSTEMPATH\View\View.php(224): include('C:\\xampp\\htdocs\\uiri_clinic\\app\\Views\\manage_doctors.php')
 3 SYSTEMPATH\View\View.php(227): CodeIgniter\View\View->CodeIgniter\View\{closure}()
 4 SYSTEMPATH\Common.php(1173): CodeIgniter\View\View->render('manage_doctors', [], true)
 5 APPPATH\Controllers\DoctorController.php(23): view('manage_doctors', [...])
 6 SYSTEMPATH\CodeIgniter.php(933): App\Controllers\DoctorController->index()
 7 SYSTEMPATH\CodeIgniter.php(507): CodeIgniter\CodeIgniter->runController(Object(App\Controllers\DoctorController))
 8 SYSTEMPATH\CodeIgniter.php(354): CodeIgniter\CodeIgniter->handleRequest(null, Object(Config\Cache), false)
 9 SYSTEMPATH\Boot.php(334): CodeIgniter\CodeIgniter->run()
10 SYSTEMPATH\Boot.php(67): CodeIgniter\Boot::runCodeIgniter(Object(CodeIgniter\CodeIgniter))
11 FCPATH\index.php(56): CodeIgniter\Boot::bootWeb(Object(Config\Paths))
12 SYSTEMPATH\rewrite.php(44): require_once('C:\\xampp\\htdocs\\uiri_clinic\\public\\index.php')
CRITICAL - 2025-04-24 12:01:47 --> ErrorException: Undefined array key "id"
[Method: GET, Route: doctors]
in APPPATH\Views\manage_doctors.php on line 61.
 1 APPPATH\Views\manage_doctors.php(61): CodeIgniter\Debug\Exceptions->errorHandler(2, 'Undefined array key "id"', 'C:\\xampp\\htdocs\\uiri_clinic\\app\\Views\\manage_doctors.php', 61)
 2 SYSTEMPATH\View\View.php(224): include('C:\\xampp\\htdocs\\uiri_clinic\\app\\Views\\manage_doctors.php')
 3 SYSTEMPATH\View\View.php(227): CodeIgniter\View\View->CodeIgniter\View\{closure}()
 4 SYSTEMPATH\Common.php(1173): CodeIgniter\View\View->render('manage_doctors', [], true)
 5 APPPATH\Controllers\DoctorController.php(23): view('manage_doctors', [...])
 6 SYSTEMPATH\CodeIgniter.php(933): App\Controllers\DoctorController->index()
 7 SYSTEMPATH\CodeIgniter.php(507): CodeIgniter\CodeIgniter->runController(Object(App\Controllers\DoctorController))
 8 SYSTEMPATH\CodeIgniter.php(354): CodeIgniter\CodeIgniter->handleRequest(null, Object(Config\Cache), false)
 9 SYSTEMPATH\Boot.php(334): CodeIgniter\CodeIgniter->run()
10 SYSTEMPATH\Boot.php(67): CodeIgniter\Boot::runCodeIgniter(Object(CodeIgniter\CodeIgniter))
11 FCPATH\index.php(56): CodeIgniter\Boot::bootWeb(Object(Config\Paths))
12 SYSTEMPATH\rewrite.php(44): require_once('C:\\xampp\\htdocs\\uiri_clinic\\public\\index.php')
CRITICAL - 2025-04-24 12:15:31 --> ErrorException: Undefined array key "id"
[Method: GET, Route: doctors]
in APPPATH\Views\manage_doctors.php on line 61.
 1 APPPATH\Views\manage_doctors.php(61): CodeIgniter\Debug\Exceptions->errorHandler(2, 'Undefined array key "id"', 'C:\\xampp\\htdocs\\uiri_clinic\\app\\Views\\manage_doctors.php', 61)
 2 SYSTEMPATH\View\View.php(224): include('C:\\xampp\\htdocs\\uiri_clinic\\app\\Views\\manage_doctors.php')
 3 SYSTEMPATH\View\View.php(227): CodeIgniter\View\View->CodeIgniter\View\{closure}()
 4 SYSTEMPATH\Common.php(1173): CodeIgniter\View\View->render('manage_doctors', [], true)
 5 APPPATH\Controllers\DoctorController.php(23): view('manage_doctors', [...])
 6 SYSTEMPATH\CodeIgniter.php(933): App\Controllers\DoctorController->index()
 7 SYSTEMPATH\CodeIgniter.php(507): CodeIgniter\CodeIgniter->runController(Object(App\Controllers\DoctorController))
 8 SYSTEMPATH\CodeIgniter.php(354): CodeIgniter\CodeIgniter->handleRequest(null, Object(Config\Cache), false)
 9 SYSTEMPATH\Boot.php(334): CodeIgniter\CodeIgniter->run()
10 SYSTEMPATH\Boot.php(67): CodeIgniter\Boot::runCodeIgniter(Object(CodeIgniter\CodeIgniter))
11 FCPATH\index.php(56): CodeIgniter\Boot::bootWeb(Object(Config\Paths))
12 SYSTEMPATH\rewrite.php(44): require_once('C:\\xampp\\htdocs\\uiri_clinic\\public\\index.php')
CRITICAL - 2025-04-24 12:16:10 --> ErrorException: Undefined array key "id"
[Method: GET, Route: doctors]
in APPPATH\Views\manage_doctors.php on line 61.
 1 APPPATH\Views\manage_doctors.php(61): CodeIgniter\Debug\Exceptions->errorHandler(2, 'Undefined array key "id"', 'C:\\xampp\\htdocs\\uiri_clinic\\app\\Views\\manage_doctors.php', 61)
 2 SYSTEMPATH\View\View.php(224): include('C:\\xampp\\htdocs\\uiri_clinic\\app\\Views\\manage_doctors.php')
 3 SYSTEMPATH\View\View.php(227): CodeIgniter\View\View->CodeIgniter\View\{closure}()
 4 SYSTEMPATH\Common.php(1173): CodeIgniter\View\View->render('manage_doctors', [], true)
 5 APPPATH\Controllers\DoctorController.php(23): view('manage_doctors', [...])
 6 SYSTEMPATH\CodeIgniter.php(933): App\Controllers\DoctorController->index()
 7 SYSTEMPATH\CodeIgniter.php(507): CodeIgniter\CodeIgniter->runController(Object(App\Controllers\DoctorController))
 8 SYSTEMPATH\CodeIgniter.php(354): CodeIgniter\CodeIgniter->handleRequest(null, Object(Config\Cache), false)
 9 SYSTEMPATH\Boot.php(334): CodeIgniter\CodeIgniter->run()
10 SYSTEMPATH\Boot.php(67): CodeIgniter\Boot::runCodeIgniter(Object(CodeIgniter\CodeIgniter))
11 FCPATH\index.php(56): CodeIgniter\Boot::bootWeb(Object(Config\Paths))
12 SYSTEMPATH\rewrite.php(44): require_once('C:\\xampp\\htdocs\\uiri_clinic\\public\\index.php')
CRITICAL - 2025-04-24 12:19:21 --> ErrorException: Undefined array key "id"
[Method: GET, Route: doctors]
in APPPATH\Views\manage_doctors.php on line 61.
 1 APPPATH\Views\manage_doctors.php(61): CodeIgniter\Debug\Exceptions->errorHandler(2, 'Undefined array key "id"', 'C:\\xampp\\htdocs\\uiri_clinic\\app\\Views\\manage_doctors.php', 61)
 2 SYSTEMPATH\View\View.php(224): include('C:\\xampp\\htdocs\\uiri_clinic\\app\\Views\\manage_doctors.php')
 3 SYSTEMPATH\View\View.php(227): CodeIgniter\View\View->CodeIgniter\View\{closure}()
 4 SYSTEMPATH\Common.php(1173): CodeIgniter\View\View->render('manage_doctors', [], true)
 5 APPPATH\Controllers\DoctorController.php(23): view('manage_doctors', [...])
 6 SYSTEMPATH\CodeIgniter.php(933): App\Controllers\DoctorController->index()
 7 SYSTEMPATH\CodeIgniter.php(507): CodeIgniter\CodeIgniter->runController(Object(App\Controllers\DoctorController))
 8 SYSTEMPATH\CodeIgniter.php(354): CodeIgniter\CodeIgniter->handleRequest(null, Object(Config\Cache), false)
 9 SYSTEMPATH\Boot.php(334): CodeIgniter\CodeIgniter->run()
10 SYSTEMPATH\Boot.php(67): CodeIgniter\Boot::runCodeIgniter(Object(CodeIgniter\CodeIgniter))
11 FCPATH\index.php(56): CodeIgniter\Boot::bootWeb(Object(Config\Paths))
12 SYSTEMPATH\rewrite.php(44): require_once('C:\\xampp\\htdocs\\uiri_clinic\\public\\index.php')
CRITICAL - 2025-04-24 12:19:25 --> ErrorException: Undefined array key "id"
[Method: GET, Route: doctors]
in APPPATH\Views\manage_doctors.php on line 61.
 1 APPPATH\Views\manage_doctors.php(61): CodeIgniter\Debug\Exceptions->errorHandler(2, 'Undefined array key "id"', 'C:\\xampp\\htdocs\\uiri_clinic\\app\\Views\\manage_doctors.php', 61)
 2 SYSTEMPATH\View\View.php(224): include('C:\\xampp\\htdocs\\uiri_clinic\\app\\Views\\manage_doctors.php')
 3 SYSTEMPATH\View\View.php(227): CodeIgniter\View\View->CodeIgniter\View\{closure}()
 4 SYSTEMPATH\Common.php(1173): CodeIgniter\View\View->render('manage_doctors', [], true)
 5 APPPATH\Controllers\DoctorController.php(23): view('manage_doctors', [...])
 6 SYSTEMPATH\CodeIgniter.php(933): App\Controllers\DoctorController->index()
 7 SYSTEMPATH\CodeIgniter.php(507): CodeIgniter\CodeIgniter->runController(Object(App\Controllers\DoctorController))
 8 SYSTEMPATH\CodeIgniter.php(354): CodeIgniter\CodeIgniter->handleRequest(null, Object(Config\Cache), false)
 9 SYSTEMPATH\Boot.php(334): CodeIgniter\CodeIgniter->run()
10 SYSTEMPATH\Boot.php(67): CodeIgniter\Boot::runCodeIgniter(Object(CodeIgniter\CodeIgniter))
11 FCPATH\index.php(56): CodeIgniter\Boot::bootWeb(Object(Config\Paths))
12 SYSTEMPATH\rewrite.php(44): require_once('C:\\xampp\\htdocs\\uiri_clinic\\public\\index.php')
CRITICAL - 2025-04-24 12:19:26 --> ErrorException: Undefined array key "id"
[Method: GET, Route: doctors]
in APPPATH\Views\manage_doctors.php on line 61.
 1 APPPATH\Views\manage_doctors.php(61): CodeIgniter\Debug\Exceptions->errorHandler(2, 'Undefined array key "id"', 'C:\\xampp\\htdocs\\uiri_clinic\\app\\Views\\manage_doctors.php', 61)
 2 SYSTEMPATH\View\View.php(224): include('C:\\xampp\\htdocs\\uiri_clinic\\app\\Views\\manage_doctors.php')
 3 SYSTEMPATH\View\View.php(227): CodeIgniter\View\View->CodeIgniter\View\{closure}()
 4 SYSTEMPATH\Common.php(1173): CodeIgniter\View\View->render('manage_doctors', [], true)
 5 APPPATH\Controllers\DoctorController.php(23): view('manage_doctors', [...])
 6 SYSTEMPATH\CodeIgniter.php(933): App\Controllers\DoctorController->index()
 7 SYSTEMPATH\CodeIgniter.php(507): CodeIgniter\CodeIgniter->runController(Object(App\Controllers\DoctorController))
 8 SYSTEMPATH\CodeIgniter.php(354): CodeIgniter\CodeIgniter->handleRequest(null, Object(Config\Cache), false)
 9 SYSTEMPATH\Boot.php(334): CodeIgniter\CodeIgniter->run()
10 SYSTEMPATH\Boot.php(67): CodeIgniter\Boot::runCodeIgniter(Object(CodeIgniter\CodeIgniter))
11 FCPATH\index.php(56): CodeIgniter\Boot::bootWeb(Object(Config\Paths))
12 SYSTEMPATH\rewrite.php(44): require_once('C:\\xampp\\htdocs\\uiri_clinic\\public\\index.php')
CRITICAL - 2025-04-24 12:19:28 --> ErrorException: Undefined array key "id"
[Method: GET, Route: doctors]
in APPPATH\Views\manage_doctors.php on line 61.
 1 APPPATH\Views\manage_doctors.php(61): CodeIgniter\Debug\Exceptions->errorHandler(2, 'Undefined array key "id"', 'C:\\xampp\\htdocs\\uiri_clinic\\app\\Views\\manage_doctors.php', 61)
 2 SYSTEMPATH\View\View.php(224): include('C:\\xampp\\htdocs\\uiri_clinic\\app\\Views\\manage_doctors.php')
 3 SYSTEMPATH\View\View.php(227): CodeIgniter\View\View->CodeIgniter\View\{closure}()
 4 SYSTEMPATH\Common.php(1173): CodeIgniter\View\View->render('manage_doctors', [], true)
 5 APPPATH\Controllers\DoctorController.php(23): view('manage_doctors', [...])
 6 SYSTEMPATH\CodeIgniter.php(933): App\Controllers\DoctorController->index()
 7 SYSTEMPATH\CodeIgniter.php(507): CodeIgniter\CodeIgniter->runController(Object(App\Controllers\DoctorController))
 8 SYSTEMPATH\CodeIgniter.php(354): CodeIgniter\CodeIgniter->handleRequest(null, Object(Config\Cache), false)
 9 SYSTEMPATH\Boot.php(334): CodeIgniter\CodeIgniter->run()
10 SYSTEMPATH\Boot.php(67): CodeIgniter\Boot::runCodeIgniter(Object(CodeIgniter\CodeIgniter))
11 FCPATH\index.php(56): CodeIgniter\Boot::bootWeb(Object(Config\Paths))
12 SYSTEMPATH\rewrite.php(44): require_once('C:\\xampp\\htdocs\\uiri_clinic\\public\\index.php')
CRITICAL - 2025-04-24 12:22:06 --> ErrorException: Undefined array key "id"
[Method: GET, Route: doctors]
in APPPATH\Views\manage_doctors.php on line 61.
 1 APPPATH\Views\manage_doctors.php(61): CodeIgniter\Debug\Exceptions->errorHandler(2, 'Undefined array key "id"', 'C:\\xampp\\htdocs\\uiri_clinic\\app\\Views\\manage_doctors.php', 61)
 2 SYSTEMPATH\View\View.php(224): include('C:\\xampp\\htdocs\\uiri_clinic\\app\\Views\\manage_doctors.php')
 3 SYSTEMPATH\View\View.php(227): CodeIgniter\View\View->CodeIgniter\View\{closure}()
 4 SYSTEMPATH\Common.php(1173): CodeIgniter\View\View->render('manage_doctors', [], true)
 5 APPPATH\Controllers\DoctorController.php(23): view('manage_doctors', [...])
 6 SYSTEMPATH\CodeIgniter.php(933): App\Controllers\DoctorController->index()
 7 SYSTEMPATH\CodeIgniter.php(507): CodeIgniter\CodeIgniter->runController(Object(App\Controllers\DoctorController))
 8 SYSTEMPATH\CodeIgniter.php(354): CodeIgniter\CodeIgniter->handleRequest(null, Object(Config\Cache), false)
 9 SYSTEMPATH\Boot.php(334): CodeIgniter\CodeIgniter->run()
10 SYSTEMPATH\Boot.php(67): CodeIgniter\Boot::runCodeIgniter(Object(CodeIgniter\CodeIgniter))
11 FCPATH\index.php(56): CodeIgniter\Boot::bootWeb(Object(Config\Paths))
12 SYSTEMPATH\rewrite.php(44): require_once('C:\\xampp\\htdocs\\uiri_clinic\\public\\index.php')
CRITICAL - 2025-04-24 12:22:19 --> ErrorException: Undefined array key "id"
[Method: GET, Route: doctors]
in APPPATH\Views\manage_doctors.php on line 61.
 1 APPPATH\Views\manage_doctors.php(61): CodeIgniter\Debug\Exceptions->errorHandler(2, 'Undefined array key "id"', 'C:\\xampp\\htdocs\\uiri_clinic\\app\\Views\\manage_doctors.php', 61)
 2 SYSTEMPATH\View\View.php(224): include('C:\\xampp\\htdocs\\uiri_clinic\\app\\Views\\manage_doctors.php')
 3 SYSTEMPATH\View\View.php(227): CodeIgniter\View\View->CodeIgniter\View\{closure}()
 4 SYSTEMPATH\Common.php(1173): CodeIgniter\View\View->render('manage_doctors', [], true)
 5 APPPATH\Controllers\DoctorController.php(23): view('manage_doctors', [...])
 6 SYSTEMPATH\CodeIgniter.php(933): App\Controllers\DoctorController->index()
 7 SYSTEMPATH\CodeIgniter.php(507): CodeIgniter\CodeIgniter->runController(Object(App\Controllers\DoctorController))
 8 SYSTEMPATH\CodeIgniter.php(354): CodeIgniter\CodeIgniter->handleRequest(null, Object(Config\Cache), false)
 9 SYSTEMPATH\Boot.php(334): CodeIgniter\CodeIgniter->run()
10 SYSTEMPATH\Boot.php(67): CodeIgniter\Boot::runCodeIgniter(Object(CodeIgniter\CodeIgniter))
11 FCPATH\index.php(56): CodeIgniter\Boot::bootWeb(Object(Config\Paths))
12 SYSTEMPATH\rewrite.php(44): require_once('C:\\xampp\\htdocs\\uiri_clinic\\public\\index.php')
CRITICAL - 2025-04-24 12:24:58 --> ErrorException: Undefined array key "id"
[Method: GET, Route: doctors]
in APPPATH\Views\manage_doctors.php on line 61.
 1 APPPATH\Views\manage_doctors.php(61): CodeIgniter\Debug\Exceptions->errorHandler(2, 'Undefined array key "id"', 'C:\\xampp\\htdocs\\uiri_clinic\\app\\Views\\manage_doctors.php', 61)
 2 SYSTEMPATH\View\View.php(224): include('C:\\xampp\\htdocs\\uiri_clinic\\app\\Views\\manage_doctors.php')
 3 SYSTEMPATH\View\View.php(227): CodeIgniter\View\View->CodeIgniter\View\{closure}()
 4 SYSTEMPATH\Common.php(1173): CodeIgniter\View\View->render('manage_doctors', [], true)
 5 APPPATH\Controllers\DoctorController.php(23): view('manage_doctors', [...])
 6 SYSTEMPATH\CodeIgniter.php(933): App\Controllers\DoctorController->index()
 7 SYSTEMPATH\CodeIgniter.php(507): CodeIgniter\CodeIgniter->runController(Object(App\Controllers\DoctorController))
 8 SYSTEMPATH\CodeIgniter.php(354): CodeIgniter\CodeIgniter->handleRequest(null, Object(Config\Cache), false)
 9 SYSTEMPATH\Boot.php(334): CodeIgniter\CodeIgniter->run()
10 SYSTEMPATH\Boot.php(67): CodeIgniter\Boot::runCodeIgniter(Object(CodeIgniter\CodeIgniter))
11 FCPATH\index.php(56): CodeIgniter\Boot::bootWeb(Object(Config\Paths))
12 SYSTEMPATH\rewrite.php(44): require_once('C:\\xampp\\htdocs\\uiri_clinic\\public\\index.php')
CRITICAL - 2025-04-24 12:25:50 --> ErrorException: Undefined array key "id"
[Method: GET, Route: doctors]
in APPPATH\Views\manage_doctors.php on line 61.
 1 APPPATH\Views\manage_doctors.php(61): CodeIgniter\Debug\Exceptions->errorHandler(2, 'Undefined array key "id"', 'C:\\xampp\\htdocs\\uiri_clinic\\app\\Views\\manage_doctors.php', 61)
 2 SYSTEMPATH\View\View.php(224): include('C:\\xampp\\htdocs\\uiri_clinic\\app\\Views\\manage_doctors.php')
 3 SYSTEMPATH\View\View.php(227): CodeIgniter\View\View->CodeIgniter\View\{closure}()
 4 SYSTEMPATH\Common.php(1173): CodeIgniter\View\View->render('manage_doctors', [], true)
 5 APPPATH\Controllers\DoctorController.php(23): view('manage_doctors', [...])
 6 SYSTEMPATH\CodeIgniter.php(933): App\Controllers\DoctorController->index()
 7 SYSTEMPATH\CodeIgniter.php(507): CodeIgniter\CodeIgniter->runController(Object(App\Controllers\DoctorController))
 8 SYSTEMPATH\CodeIgniter.php(354): CodeIgniter\CodeIgniter->handleRequest(null, Object(Config\Cache), false)
 9 SYSTEMPATH\Boot.php(334): CodeIgniter\CodeIgniter->run()
10 SYSTEMPATH\Boot.php(67): CodeIgniter\Boot::runCodeIgniter(Object(CodeIgniter\CodeIgniter))
11 FCPATH\index.php(56): CodeIgniter\Boot::bootWeb(Object(Config\Paths))
12 SYSTEMPATH\rewrite.php(44): require_once('C:\\xampp\\htdocs\\uiri_clinic\\public\\index.php')
CRITICAL - 2025-04-24 13:25:42 --> ErrorException: Undefined array key "id"
[Method: GET, Route: doctors]
in APPPATH\Views\manage_doctors.php on line 61.
 1 APPPATH\Views\manage_doctors.php(61): CodeIgniter\Debug\Exceptions->errorHandler(2, 'Undefined array key "id"', 'C:\\xampp\\htdocs\\uiri_clinic\\app\\Views\\manage_doctors.php', 61)
 2 SYSTEMPATH\View\View.php(224): include('C:\\xampp\\htdocs\\uiri_clinic\\app\\Views\\manage_doctors.php')
 3 SYSTEMPATH\View\View.php(227): CodeIgniter\View\View->CodeIgniter\View\{closure}()
 4 SYSTEMPATH\Common.php(1173): CodeIgniter\View\View->render('manage_doctors', [], true)
 5 APPPATH\Controllers\DoctorController.php(23): view('manage_doctors', [...])
 6 SYSTEMPATH\CodeIgniter.php(933): App\Controllers\DoctorController->index()
 7 SYSTEMPATH\CodeIgniter.php(507): CodeIgniter\CodeIgniter->runController(Object(App\Controllers\DoctorController))
 8 SYSTEMPATH\CodeIgniter.php(354): CodeIgniter\CodeIgniter->handleRequest(null, Object(Config\Cache), false)
 9 SYSTEMPATH\Boot.php(334): CodeIgniter\CodeIgniter->run()
10 SYSTEMPATH\Boot.php(67): CodeIgniter\Boot::runCodeIgniter(Object(CodeIgniter\CodeIgniter))
11 FCPATH\index.php(56): CodeIgniter\Boot::bootWeb(Object(Config\Paths))
12 SYSTEMPATH\rewrite.php(44): require_once('C:\\xampp\\htdocs\\uiri_clinic\\public\\index.php')
CRITICAL - 2025-04-24 13:36:04 --> ErrorException: Undefined variable $doctor
[Method: GET, Route: doctors]
in APPPATH\Views\manage_doctors.php on line 135.
 1 APPPATH\Views\manage_doctors.php(135): CodeIgniter\Debug\Exceptions->errorHandler(2, 'Undefined variable $doctor', 'C:\\xampp\\htdocs\\uiri_clinic\\app\\Views\\manage_doctors.php', 135)
 2 SYSTEMPATH\View\View.php(224): include('C:\\xampp\\htdocs\\uiri_clinic\\app\\Views\\manage_doctors.php')
 3 SYSTEMPATH\View\View.php(227): CodeIgniter\View\View->CodeIgniter\View\{closure}()
 4 SYSTEMPATH\Common.php(1173): CodeIgniter\View\View->render('manage_doctors', [], true)
 5 APPPATH\Controllers\DoctorController.php(23): view('manage_doctors', [...])
 6 SYSTEMPATH\CodeIgniter.php(933): App\Controllers\DoctorController->index()
 7 SYSTEMPATH\CodeIgniter.php(507): CodeIgniter\CodeIgniter->runController(Object(App\Controllers\DoctorController))
 8 SYSTEMPATH\CodeIgniter.php(354): CodeIgniter\CodeIgniter->handleRequest(null, Object(Config\Cache), false)
 9 SYSTEMPATH\Boot.php(334): CodeIgniter\CodeIgniter->run()
10 SYSTEMPATH\Boot.php(67): CodeIgniter\Boot::runCodeIgniter(Object(CodeIgniter\CodeIgniter))
11 FCPATH\index.php(56): CodeIgniter\Boot::bootWeb(Object(Config\Paths))
12 SYSTEMPATH\rewrite.php(44): require_once('C:\\xampp\\htdocs\\uiri_clinic\\public\\index.php')
CRITICAL - 2025-04-24 13:38:55 --> ErrorException: Undefined variable $doctor
[Method: GET, Route: doctors]
in APPPATH\Views\manage_doctors.php on line 135.
 1 APPPATH\Views\manage_doctors.php(135): CodeIgniter\Debug\Exceptions->errorHandler(2, 'Undefined variable $doctor', 'C:\\xampp\\htdocs\\uiri_clinic\\app\\Views\\manage_doctors.php', 135)
 2 SYSTEMPATH\View\View.php(224): include('C:\\xampp\\htdocs\\uiri_clinic\\app\\Views\\manage_doctors.php')
 3 SYSTEMPATH\View\View.php(227): CodeIgniter\View\View->CodeIgniter\View\{closure}()
 4 SYSTEMPATH\Common.php(1173): CodeIgniter\View\View->render('manage_doctors', [], true)
 5 APPPATH\Controllers\DoctorController.php(23): view('manage_doctors', [...])
 6 SYSTEMPATH\CodeIgniter.php(933): App\Controllers\DoctorController->index()
 7 SYSTEMPATH\CodeIgniter.php(507): CodeIgniter\CodeIgniter->runController(Object(App\Controllers\DoctorController))
 8 SYSTEMPATH\CodeIgniter.php(354): CodeIgniter\CodeIgniter->handleRequest(null, Object(Config\Cache), false)
 9 SYSTEMPATH\Boot.php(334): CodeIgniter\CodeIgniter->run()
10 SYSTEMPATH\Boot.php(67): CodeIgniter\Boot::runCodeIgniter(Object(CodeIgniter\CodeIgniter))
11 FCPATH\index.php(56): CodeIgniter\Boot::bootWeb(Object(Config\Paths))
12 SYSTEMPATH\rewrite.php(44): require_once('C:\\xampp\\htdocs\\uiri_clinic\\public\\index.php')
