CRITICAL - 2025-04-28 07:21:16 --> CodeIgniter\View\Exceptions\ViewException: Invalid file: "CodeIgniter\Pager\Views\bootstrap.php"
[Method: GET, Route: equipment]
in SYSTEMPATH\Exceptions\FrameworkException.php on line 39.
 1 SYSTEMPATH\View\View.php(212): CodeIgniter\Exceptions\FrameworkException::forInvalidFile('CodeIgniter\\Pager\\Views\\bootstrap.php')
 2 SYSTEMPATH\Pager\Pager.php(130): CodeIgniter\View\View->render('CodeIgniter\\Pager\\Views\\bootstrap')
 3 SYSTEMPATH\Pager\Pager.php(87): CodeIgniter\Pager\Pager->displayLinks('default', 'default_full')
 4 APPPATH\Views\manage_equipment.php(82): CodeIgniter\Pager\Pager->links()
 5 SYSTEMPATH\View\View.php(224): include('C:\\xampp\\htdocs\\uiri_clinic\\app\\Views\\manage_equipment.php')
 6 SYSTEMPATH\View\View.php(227): CodeIgniter\View\View->CodeIgniter\View\{closure}()
 7 SYSTEMPATH\Common.php(1173): CodeIgniter\View\View->render('manage_equipment', [], true)
 8 APPPATH\Controllers\EquipmentController.php(24): view('manage_equipment', [...])
 9 SYSTEMPATH\CodeIgniter.php(933): App\Controllers\EquipmentController->index()
10 SYSTEMPATH\CodeIgniter.php(507): CodeIgniter\CodeIgniter->runController(Object(App\Controllers\EquipmentController))
11 SYSTEMPATH\CodeIgniter.php(354): CodeIgniter\CodeIgniter->handleRequest(null, Object(Config\Cache), false)
12 SYSTEMPATH\Boot.php(334): CodeIgniter\CodeIgniter->run()
13 SYSTEMPATH\Boot.php(67): CodeIgniter\Boot::runCodeIgniter(Object(CodeIgniter\CodeIgniter))
14 FCPATH\index.php(56): CodeIgniter\Boot::bootWeb(Object(Config\Paths))
15 SYSTEMPATH\rewrite.php(44): require_once('C:\\xampp\\htdocs\\uiri_clinic\\public\\index.php')
CRITICAL - 2025-04-28 07:21:37 --> CodeIgniter\View\Exceptions\ViewException: Invalid file: "CodeIgniter\Pager\Views\bootstrap.php"
[Method: GET, Route: equipment]
in SYSTEMPATH\Exceptions\FrameworkException.php on line 39.
 1 SYSTEMPATH\View\View.php(212): CodeIgniter\Exceptions\FrameworkException::forInvalidFile('CodeIgniter\\Pager\\Views\\bootstrap.php')
 2 SYSTEMPATH\Pager\Pager.php(130): CodeIgniter\View\View->render('CodeIgniter\\Pager\\Views\\bootstrap')
 3 SYSTEMPATH\Pager\Pager.php(87): CodeIgniter\Pager\Pager->displayLinks('default', 'default_full')
 4 APPPATH\Views\manage_equipment.php(82): CodeIgniter\Pager\Pager->links()
 5 SYSTEMPATH\View\View.php(224): include('C:\\xampp\\htdocs\\uiri_clinic\\app\\Views\\manage_equipment.php')
 6 SYSTEMPATH\View\View.php(227): CodeIgniter\View\View->CodeIgniter\View\{closure}()
 7 SYSTEMPATH\Common.php(1173): CodeIgniter\View\View->render('manage_equipment', [], true)
 8 APPPATH\Controllers\EquipmentController.php(24): view('manage_equipment', [...])
 9 SYSTEMPATH\CodeIgniter.php(933): App\Controllers\EquipmentController->index()
10 SYSTEMPATH\CodeIgniter.php(507): CodeIgniter\CodeIgniter->runController(Object(App\Controllers\EquipmentController))
11 SYSTEMPATH\CodeIgniter.php(354): CodeIgniter\CodeIgniter->handleRequest(null, Object(Config\Cache), false)
12 SYSTEMPATH\Boot.php(334): CodeIgniter\CodeIgniter->run()
13 SYSTEMPATH\Boot.php(67): CodeIgniter\Boot::runCodeIgniter(Object(CodeIgniter\CodeIgniter))
14 FCPATH\index.php(56): CodeIgniter\Boot::bootWeb(Object(Config\Paths))
15 SYSTEMPATH\rewrite.php(44): require_once('C:\\xampp\\htdocs\\uiri_clinic\\public\\index.php')
CRITICAL - 2025-04-28 07:23:09 --> CodeIgniter\View\Exceptions\ViewException: Invalid file: "CodeIgniter\Pager\Views\bootstrap.php"
[Method: GET, Route: equipment]
in SYSTEMPATH\Exceptions\FrameworkException.php on line 39.
 1 SYSTEMPATH\View\View.php(212): CodeIgniter\Exceptions\FrameworkException::forInvalidFile('CodeIgniter\\Pager\\Views\\bootstrap.php')
 2 SYSTEMPATH\Pager\Pager.php(130): CodeIgniter\View\View->render('CodeIgniter\\Pager\\Views\\bootstrap')
 3 SYSTEMPATH\Pager\Pager.php(87): CodeIgniter\Pager\Pager->displayLinks('default', 'default_full')
 4 APPPATH\Views\manage_equipment.php(82): CodeIgniter\Pager\Pager->links()
 5 SYSTEMPATH\View\View.php(224): include('C:\\xampp\\htdocs\\uiri_clinic\\app\\Views\\manage_equipment.php')
 6 SYSTEMPATH\View\View.php(227): CodeIgniter\View\View->CodeIgniter\View\{closure}()
 7 SYSTEMPATH\Common.php(1173): CodeIgniter\View\View->render('manage_equipment', [], true)
 8 APPPATH\Controllers\EquipmentController.php(24): view('manage_equipment', [...])
 9 SYSTEMPATH\CodeIgniter.php(933): App\Controllers\EquipmentController->index()
10 SYSTEMPATH\CodeIgniter.php(507): CodeIgniter\CodeIgniter->runController(Object(App\Controllers\EquipmentController))
11 SYSTEMPATH\CodeIgniter.php(354): CodeIgniter\CodeIgniter->handleRequest(null, Object(Config\Cache), false)
12 SYSTEMPATH\Boot.php(334): CodeIgniter\CodeIgniter->run()
13 SYSTEMPATH\Boot.php(67): CodeIgniter\Boot::runCodeIgniter(Object(CodeIgniter\CodeIgniter))
14 FCPATH\index.php(56): CodeIgniter\Boot::bootWeb(Object(Config\Paths))
15 SYSTEMPATH\rewrite.php(44): require_once('C:\\xampp\\htdocs\\uiri_clinic\\public\\index.php')
CRITICAL - 2025-04-28 07:24:47 --> CodeIgniter\View\Exceptions\ViewException: Invalid file: "CodeIgniter\Pager\Views\bootstrap.php"
[Method: GET, Route: equipment]
in SYSTEMPATH\Exceptions\FrameworkException.php on line 39.
 1 SYSTEMPATH\View\View.php(212): CodeIgniter\Exceptions\FrameworkException::forInvalidFile('CodeIgniter\\Pager\\Views\\bootstrap.php')
 2 SYSTEMPATH\Pager\Pager.php(130): CodeIgniter\View\View->render('CodeIgniter\\Pager\\Views\\bootstrap')
 3 SYSTEMPATH\Pager\Pager.php(87): CodeIgniter\Pager\Pager->displayLinks('default', 'default_full')
 4 APPPATH\Views\manage_equipment.php(82): CodeIgniter\Pager\Pager->links()
 5 SYSTEMPATH\View\View.php(224): include('C:\\xampp\\htdocs\\uiri_clinic\\app\\Views\\manage_equipment.php')
 6 SYSTEMPATH\View\View.php(227): CodeIgniter\View\View->CodeIgniter\View\{closure}()
 7 SYSTEMPATH\Common.php(1173): CodeIgniter\View\View->render('manage_equipment', [], true)
 8 APPPATH\Controllers\EquipmentController.php(24): view('manage_equipment', [...])
 9 SYSTEMPATH\CodeIgniter.php(933): App\Controllers\EquipmentController->index()
10 SYSTEMPATH\CodeIgniter.php(507): CodeIgniter\CodeIgniter->runController(Object(App\Controllers\EquipmentController))
11 SYSTEMPATH\CodeIgniter.php(354): CodeIgniter\CodeIgniter->handleRequest(null, Object(Config\Cache), false)
12 SYSTEMPATH\Boot.php(334): CodeIgniter\CodeIgniter->run()
13 SYSTEMPATH\Boot.php(67): CodeIgniter\Boot::runCodeIgniter(Object(CodeIgniter\CodeIgniter))
14 FCPATH\index.php(56): CodeIgniter\Boot::bootWeb(Object(Config\Paths))
15 SYSTEMPATH\rewrite.php(44): require_once('C:\\xampp\\htdocs\\uiri_clinic\\public\\index.php')
ERROR - 2025-04-28 08:26:36 --> mysqli_sql_exception: Unknown column 'manufacture_date' in 'field list' in C:\xampp\htdocs\uiri_clinic\system\Database\MySQLi\Connection.php:327
Stack trace:
#0 C:\xampp\htdocs\uiri_clinic\system\Database\MySQLi\Connection.php(327): mysqli->query('INSERT INTO `su...', 0)
#1 C:\xampp\htdocs\uiri_clinic\system\Database\BaseConnection.php(738): CodeIgniter\Database\MySQLi\Connection->execute('INSERT INTO `su...')
#2 C:\xampp\htdocs\uiri_clinic\system\Database\BaseConnection.php(652): CodeIgniter\Database\BaseConnection->simpleQuery('INSERT INTO `su...')
#3 C:\xampp\htdocs\uiri_clinic\system\Database\BaseBuilder.php(2345): CodeIgniter\Database\BaseConnection->query('INSERT INTO `su...', Array, false)
#4 C:\xampp\htdocs\uiri_clinic\system\Model.php(394): CodeIgniter\Database\BaseBuilder->insert()
#5 C:\xampp\htdocs\uiri_clinic\system\BaseModel.php(839): CodeIgniter\Model->doInsert(Array)
#6 C:\xampp\htdocs\uiri_clinic\system\Model.php(800): CodeIgniter\BaseModel->insert(Array, false)
#7 C:\xampp\htdocs\uiri_clinic\system\BaseModel.php(750): CodeIgniter\Model->insert(Array, false)
#8 C:\xampp\htdocs\uiri_clinic\app\Controllers\SupplyController.php(27): CodeIgniter\BaseModel->save(Array)
#9 C:\xampp\htdocs\uiri_clinic\system\CodeIgniter.php(933): App\Controllers\SupplyController->store()
#10 C:\xampp\htdocs\uiri_clinic\system\CodeIgniter.php(507): CodeIgniter\CodeIgniter->runController(Object(App\Controllers\SupplyController))
#11 C:\xampp\htdocs\uiri_clinic\system\CodeIgniter.php(354): CodeIgniter\CodeIgniter->handleRequest(NULL, Object(Config\Cache), false)
#12 C:\xampp\htdocs\uiri_clinic\system\Boot.php(334): CodeIgniter\CodeIgniter->run()
#13 C:\xampp\htdocs\uiri_clinic\system\Boot.php(67): CodeIgniter\Boot::runCodeIgniter(Object(CodeIgniter\CodeIgniter))
#14 C:\xampp\htdocs\uiri_clinic\public\index.php(56): CodeIgniter\Boot::bootWeb(Object(Config\Paths))
#15 C:\xampp\htdocs\uiri_clinic\system\rewrite.php(44): require_once('C:\\xampp\\htdocs...')
#16 {main}
CRITICAL - 2025-04-28 08:26:36 --> CodeIgniter\Database\Exceptions\DatabaseException: Unknown column 'manufacture_date' in 'field list'
[Method: POST, Route: supplies/store]
in SYSTEMPATH\Database\BaseConnection.php on line 692.
 1 SYSTEMPATH\Database\BaseBuilder.php(2345): CodeIgniter\Database\BaseConnection->query('INSERT INTO `supplies` (`name`, `quantity_in_stock`, `batch_no`, `manufacture_date`, `expiration_date`, `created_at`, `updated_at`) VALUES (:name:, :quantity_in_stock:, :batch_no:, :manufacture_date:, :expiration_date:, :created_at:, :updated_at:)', [...], false)
 2 SYSTEMPATH\Model.php(394): CodeIgniter\Database\BaseBuilder->insert()
 3 SYSTEMPATH\BaseModel.php(839): CodeIgniter\Model->doInsert([...])
 4 SYSTEMPATH\Model.php(800): CodeIgniter\BaseModel->insert([...], false)
 5 SYSTEMPATH\BaseModel.php(750): CodeIgniter\Model->insert([...], false)
 6 APPPATH\Controllers\SupplyController.php(27): CodeIgniter\BaseModel->save([...])
 7 SYSTEMPATH\CodeIgniter.php(933): App\Controllers\SupplyController->store()
 8 SYSTEMPATH\CodeIgniter.php(507): CodeIgniter\CodeIgniter->runController(Object(App\Controllers\SupplyController))
 9 SYSTEMPATH\CodeIgniter.php(354): CodeIgniter\CodeIgniter->handleRequest(null, Object(Config\Cache), false)
10 SYSTEMPATH\Boot.php(334): CodeIgniter\CodeIgniter->run()
11 SYSTEMPATH\Boot.php(67): CodeIgniter\Boot::runCodeIgniter(Object(CodeIgniter\CodeIgniter))
12 FCPATH\index.php(56): CodeIgniter\Boot::bootWeb(Object(Config\Paths))
13 SYSTEMPATH\rewrite.php(44): require_once('C:\\xampp\\htdocs\\uiri_clinic\\public\\index.php')
CRITICAL - 2025-04-28 08:26:36 --> [Caused by] CodeIgniter\Database\Exceptions\DatabaseException: Unknown column 'manufacture_date' in 'field list'
in SYSTEMPATH\Database\MySQLi\Connection.php on line 332.
 1 SYSTEMPATH\Database\BaseConnection.php(738): CodeIgniter\Database\MySQLi\Connection->execute('INSERT INTO `supplies` (`name`, `quantity_in_stock`, `batch_no`, `manufacture_date`, `expiration_date`, `created_at`, `updated_at`) VALUES (\'askfhjlagsf\', \'23\', \'1232424\', \'2025-04-28\', \'2025-04-30\', \'2025-04-28 08:26:36\', \'2025-04-28 08:26:36\')')
 2 SYSTEMPATH\Database\BaseConnection.php(652): CodeIgniter\Database\BaseConnection->simpleQuery('INSERT INTO `supplies` (`name`, `quantity_in_stock`, `batch_no`, `manufacture_date`, `expiration_date`, `created_at`, `updated_at`) VALUES (\'askfhjlagsf\', \'23\', \'1232424\', \'2025-04-28\', \'2025-04-30\', \'2025-04-28 08:26:36\', \'2025-04-28 08:26:36\')')
 3 SYSTEMPATH\Database\BaseBuilder.php(2345): CodeIgniter\Database\BaseConnection->query('INSERT INTO `supplies` (`name`, `quantity_in_stock`, `batch_no`, `manufacture_date`, `expiration_date`, `created_at`, `updated_at`) VALUES (:name:, :quantity_in_stock:, :batch_no:, :manufacture_date:, :expiration_date:, :created_at:, :updated_at:)', [...], false)
 4 SYSTEMPATH\Model.php(394): CodeIgniter\Database\BaseBuilder->insert()
 5 SYSTEMPATH\BaseModel.php(839): CodeIgniter\Model->doInsert([...])
 6 SYSTEMPATH\Model.php(800): CodeIgniter\BaseModel->insert([...], false)
 7 SYSTEMPATH\BaseModel.php(750): CodeIgniter\Model->insert([...], false)
 8 APPPATH\Controllers\SupplyController.php(27): CodeIgniter\BaseModel->save([...])
 9 SYSTEMPATH\CodeIgniter.php(933): App\Controllers\SupplyController->store()
10 SYSTEMPATH\CodeIgniter.php(507): CodeIgniter\CodeIgniter->runController(Object(App\Controllers\SupplyController))
11 SYSTEMPATH\CodeIgniter.php(354): CodeIgniter\CodeIgniter->handleRequest(null, Object(Config\Cache), false)
12 SYSTEMPATH\Boot.php(334): CodeIgniter\CodeIgniter->run()
13 SYSTEMPATH\Boot.php(67): CodeIgniter\Boot::runCodeIgniter(Object(CodeIgniter\CodeIgniter))
14 FCPATH\index.php(56): CodeIgniter\Boot::bootWeb(Object(Config\Paths))
15 SYSTEMPATH\rewrite.php(44): require_once('C:\\xampp\\htdocs\\uiri_clinic\\public\\index.php')
CRITICAL - 2025-04-28 08:26:36 --> [Caused by] mysqli_sql_exception: Unknown column 'manufacture_date' in 'field list'
in SYSTEMPATH\Database\MySQLi\Connection.php on line 327.
 1 SYSTEMPATH\Database\MySQLi\Connection.php(327): mysqli->query('INSERT INTO `supplies` (`name`, `quantity_in_stock`, `batch_no`, `manufacture_date`, `expiration_date`, `created_at`, `updated_at`) VALUES (\'askfhjlagsf\', \'23\', \'1232424\', \'2025-04-28\', \'2025-04-30\', \'2025-04-28 08:26:36\', \'2025-04-28 08:26:36\')', 0)
 2 SYSTEMPATH\Database\BaseConnection.php(738): CodeIgniter\Database\MySQLi\Connection->execute('INSERT INTO `supplies` (`name`, `quantity_in_stock`, `batch_no`, `manufacture_date`, `expiration_date`, `created_at`, `updated_at`) VALUES (\'askfhjlagsf\', \'23\', \'1232424\', \'2025-04-28\', \'2025-04-30\', \'2025-04-28 08:26:36\', \'2025-04-28 08:26:36\')')
 3 SYSTEMPATH\Database\BaseConnection.php(652): CodeIgniter\Database\BaseConnection->simpleQuery('INSERT INTO `supplies` (`name`, `quantity_in_stock`, `batch_no`, `manufacture_date`, `expiration_date`, `created_at`, `updated_at`) VALUES (\'askfhjlagsf\', \'23\', \'1232424\', \'2025-04-28\', \'2025-04-30\', \'2025-04-28 08:26:36\', \'2025-04-28 08:26:36\')')
 4 SYSTEMPATH\Database\BaseBuilder.php(2345): CodeIgniter\Database\BaseConnection->query('INSERT INTO `supplies` (`name`, `quantity_in_stock`, `batch_no`, `manufacture_date`, `expiration_date`, `created_at`, `updated_at`) VALUES (:name:, :quantity_in_stock:, :batch_no:, :manufacture_date:, :expiration_date:, :created_at:, :updated_at:)', [...], false)
 5 SYSTEMPATH\Model.php(394): CodeIgniter\Database\BaseBuilder->insert()
 6 SYSTEMPATH\BaseModel.php(839): CodeIgniter\Model->doInsert([...])
 7 SYSTEMPATH\Model.php(800): CodeIgniter\BaseModel->insert([...], false)
 8 SYSTEMPATH\BaseModel.php(750): CodeIgniter\Model->insert([...], false)
 9 APPPATH\Controllers\SupplyController.php(27): CodeIgniter\BaseModel->save([...])
10 SYSTEMPATH\CodeIgniter.php(933): App\Controllers\SupplyController->store()
11 SYSTEMPATH\CodeIgniter.php(507): CodeIgniter\CodeIgniter->runController(Object(App\Controllers\SupplyController))
12 SYSTEMPATH\CodeIgniter.php(354): CodeIgniter\CodeIgniter->handleRequest(null, Object(Config\Cache), false)
13 SYSTEMPATH\Boot.php(334): CodeIgniter\CodeIgniter->run()
14 SYSTEMPATH\Boot.php(67): CodeIgniter\Boot::runCodeIgniter(Object(CodeIgniter\CodeIgniter))
15 FCPATH\index.php(56): CodeIgniter\Boot::bootWeb(Object(Config\Paths))
16 SYSTEMPATH\rewrite.php(44): require_once('C:\\xampp\\htdocs\\uiri_clinic\\public\\index.php')
ERROR - 2025-04-28 09:36:24 --> mysqli_sql_exception: Unknown column 'manufacture_date' in 'field list' in C:\xampp\htdocs\uiri_clinic\system\Database\MySQLi\Connection.php:327
Stack trace:
#0 C:\xampp\htdocs\uiri_clinic\system\Database\MySQLi\Connection.php(327): mysqli->query('INSERT INTO `dr...', 0)
#1 C:\xampp\htdocs\uiri_clinic\system\Database\BaseConnection.php(738): CodeIgniter\Database\MySQLi\Connection->execute('INSERT INTO `dr...')
#2 C:\xampp\htdocs\uiri_clinic\system\Database\BaseConnection.php(652): CodeIgniter\Database\BaseConnection->simpleQuery('INSERT INTO `dr...')
#3 C:\xampp\htdocs\uiri_clinic\system\Database\BaseBuilder.php(2345): CodeIgniter\Database\BaseConnection->query('INSERT INTO `dr...', Array, false)
#4 C:\xampp\htdocs\uiri_clinic\system\Model.php(394): CodeIgniter\Database\BaseBuilder->insert()
#5 C:\xampp\htdocs\uiri_clinic\system\BaseModel.php(839): CodeIgniter\Model->doInsert(Array)
#6 C:\xampp\htdocs\uiri_clinic\system\Model.php(800): CodeIgniter\BaseModel->insert(Array, false)
#7 C:\xampp\htdocs\uiri_clinic\system\BaseModel.php(750): CodeIgniter\Model->insert(Array, false)
#8 C:\xampp\htdocs\uiri_clinic\app\Controllers\DrugController.php(25): CodeIgniter\BaseModel->save(Array)
#9 C:\xampp\htdocs\uiri_clinic\system\CodeIgniter.php(933): App\Controllers\DrugController->store()
#10 C:\xampp\htdocs\uiri_clinic\system\CodeIgniter.php(507): CodeIgniter\CodeIgniter->runController(Object(App\Controllers\DrugController))
#11 C:\xampp\htdocs\uiri_clinic\system\CodeIgniter.php(354): CodeIgniter\CodeIgniter->handleRequest(NULL, Object(Config\Cache), false)
#12 C:\xampp\htdocs\uiri_clinic\system\Boot.php(334): CodeIgniter\CodeIgniter->run()
#13 C:\xampp\htdocs\uiri_clinic\system\Boot.php(67): CodeIgniter\Boot::runCodeIgniter(Object(CodeIgniter\CodeIgniter))
#14 C:\xampp\htdocs\uiri_clinic\public\index.php(56): CodeIgniter\Boot::bootWeb(Object(Config\Paths))
#15 C:\xampp\htdocs\uiri_clinic\system\rewrite.php(44): require_once('C:\\xampp\\htdocs...')
#16 {main}
CRITICAL - 2025-04-28 09:36:24 --> CodeIgniter\Database\Exceptions\DatabaseException: Unknown column 'manufacture_date' in 'field list'
[Method: POST, Route: drugs/store]
in SYSTEMPATH\Database\BaseConnection.php on line 692.
 1 SYSTEMPATH\Database\BaseBuilder.php(2345): CodeIgniter\Database\BaseConnection->query('INSERT INTO `drugs` (`name`, `dosage`, `quantity_in_stock`, `batch_no`, `manufacture_date`, `expiration_date`, `status`, `created_at`, `updated_at`) VALUES (:name:, :dosage:, :quantity_in_stock:, :batch_no:, :manufacture_date:, :expiration_date:, :status:, :created_at:, :updated_at:)', [...], false)
 2 SYSTEMPATH\Model.php(394): CodeIgniter\Database\BaseBuilder->insert()
 3 SYSTEMPATH\BaseModel.php(839): CodeIgniter\Model->doInsert([...])
 4 SYSTEMPATH\Model.php(800): CodeIgniter\BaseModel->insert([...], false)
 5 SYSTEMPATH\BaseModel.php(750): CodeIgniter\Model->insert([...], false)
 6 APPPATH\Controllers\DrugController.php(25): CodeIgniter\BaseModel->save([...])
 7 SYSTEMPATH\CodeIgniter.php(933): App\Controllers\DrugController->store()
 8 SYSTEMPATH\CodeIgniter.php(507): CodeIgniter\CodeIgniter->runController(Object(App\Controllers\DrugController))
 9 SYSTEMPATH\CodeIgniter.php(354): CodeIgniter\CodeIgniter->handleRequest(null, Object(Config\Cache), false)
10 SYSTEMPATH\Boot.php(334): CodeIgniter\CodeIgniter->run()
11 SYSTEMPATH\Boot.php(67): CodeIgniter\Boot::runCodeIgniter(Object(CodeIgniter\CodeIgniter))
12 FCPATH\index.php(56): CodeIgniter\Boot::bootWeb(Object(Config\Paths))
13 SYSTEMPATH\rewrite.php(44): require_once('C:\\xampp\\htdocs\\uiri_clinic\\public\\index.php')
CRITICAL - 2025-04-28 09:36:24 --> [Caused by] CodeIgniter\Database\Exceptions\DatabaseException: Unknown column 'manufacture_date' in 'field list'
in SYSTEMPATH\Database\MySQLi\Connection.php on line 332.
 1 SYSTEMPATH\Database\BaseConnection.php(738): CodeIgniter\Database\MySQLi\Connection->execute('INSERT INTO `drugs` (`name`, `dosage`, `quantity_in_stock`, `batch_no`, `manufacture_date`, `expiration_date`, `status`, `created_at`, `updated_at`) VALUES (\'METSELULINE\', \'500MG\', \'300\', \'235245245\', \'2025-04-28\', \'2026-04-28\', \'Available\', \'2025-04-28 09:36:24\', \'2025-04-28 09:36:24\')')
 2 SYSTEMPATH\Database\BaseConnection.php(652): CodeIgniter\Database\BaseConnection->simpleQuery('INSERT INTO `drugs` (`name`, `dosage`, `quantity_in_stock`, `batch_no`, `manufacture_date`, `expiration_date`, `status`, `created_at`, `updated_at`) VALUES (\'METSELULINE\', \'500MG\', \'300\', \'235245245\', \'2025-04-28\', \'2026-04-28\', \'Available\', \'2025-04-28 09:36:24\', \'2025-04-28 09:36:24\')')
 3 SYSTEMPATH\Database\BaseBuilder.php(2345): CodeIgniter\Database\BaseConnection->query('INSERT INTO `drugs` (`name`, `dosage`, `quantity_in_stock`, `batch_no`, `manufacture_date`, `expiration_date`, `status`, `created_at`, `updated_at`) VALUES (:name:, :dosage:, :quantity_in_stock:, :batch_no:, :manufacture_date:, :expiration_date:, :status:, :created_at:, :updated_at:)', [...], false)
 4 SYSTEMPATH\Model.php(394): CodeIgniter\Database\BaseBuilder->insert()
 5 SYSTEMPATH\BaseModel.php(839): CodeIgniter\Model->doInsert([...])
 6 SYSTEMPATH\Model.php(800): CodeIgniter\BaseModel->insert([...], false)
 7 SYSTEMPATH\BaseModel.php(750): CodeIgniter\Model->insert([...], false)
 8 APPPATH\Controllers\DrugController.php(25): CodeIgniter\BaseModel->save([...])
 9 SYSTEMPATH\CodeIgniter.php(933): App\Controllers\DrugController->store()
10 SYSTEMPATH\CodeIgniter.php(507): CodeIgniter\CodeIgniter->runController(Object(App\Controllers\DrugController))
11 SYSTEMPATH\CodeIgniter.php(354): CodeIgniter\CodeIgniter->handleRequest(null, Object(Config\Cache), false)
12 SYSTEMPATH\Boot.php(334): CodeIgniter\CodeIgniter->run()
13 SYSTEMPATH\Boot.php(67): CodeIgniter\Boot::runCodeIgniter(Object(CodeIgniter\CodeIgniter))
14 FCPATH\index.php(56): CodeIgniter\Boot::bootWeb(Object(Config\Paths))
15 SYSTEMPATH\rewrite.php(44): require_once('C:\\xampp\\htdocs\\uiri_clinic\\public\\index.php')
CRITICAL - 2025-04-28 09:36:24 --> [Caused by] mysqli_sql_exception: Unknown column 'manufacture_date' in 'field list'
in SYSTEMPATH\Database\MySQLi\Connection.php on line 327.
 1 SYSTEMPATH\Database\MySQLi\Connection.php(327): mysqli->query('INSERT INTO `drugs` (`name`, `dosage`, `quantity_in_stock`, `batch_no`, `manufacture_date`, `expiration_date`, `status`, `created_at`, `updated_at`) VALUES (\'METSELULINE\', \'500MG\', \'300\', \'235245245\', \'2025-04-28\', \'2026-04-28\', \'Available\', \'2025-04-28 09:36:24\', \'2025-04-28 09:36:24\')', 0)
 2 SYSTEMPATH\Database\BaseConnection.php(738): CodeIgniter\Database\MySQLi\Connection->execute('INSERT INTO `drugs` (`name`, `dosage`, `quantity_in_stock`, `batch_no`, `manufacture_date`, `expiration_date`, `status`, `created_at`, `updated_at`) VALUES (\'METSELULINE\', \'500MG\', \'300\', \'235245245\', \'2025-04-28\', \'2026-04-28\', \'Available\', \'2025-04-28 09:36:24\', \'2025-04-28 09:36:24\')')
 3 SYSTEMPATH\Database\BaseConnection.php(652): CodeIgniter\Database\BaseConnection->simpleQuery('INSERT INTO `drugs` (`name`, `dosage`, `quantity_in_stock`, `batch_no`, `manufacture_date`, `expiration_date`, `status`, `created_at`, `updated_at`) VALUES (\'METSELULINE\', \'500MG\', \'300\', \'235245245\', \'2025-04-28\', \'2026-04-28\', \'Available\', \'2025-04-28 09:36:24\', \'2025-04-28 09:36:24\')')
 4 SYSTEMPATH\Database\BaseBuilder.php(2345): CodeIgniter\Database\BaseConnection->query('INSERT INTO `drugs` (`name`, `dosage`, `quantity_in_stock`, `batch_no`, `manufacture_date`, `expiration_date`, `status`, `created_at`, `updated_at`) VALUES (:name:, :dosage:, :quantity_in_stock:, :batch_no:, :manufacture_date:, :expiration_date:, :status:, :created_at:, :updated_at:)', [...], false)
 5 SYSTEMPATH\Model.php(394): CodeIgniter\Database\BaseBuilder->insert()
 6 SYSTEMPATH\BaseModel.php(839): CodeIgniter\Model->doInsert([...])
 7 SYSTEMPATH\Model.php(800): CodeIgniter\BaseModel->insert([...], false)
 8 SYSTEMPATH\BaseModel.php(750): CodeIgniter\Model->insert([...], false)
 9 APPPATH\Controllers\DrugController.php(25): CodeIgniter\BaseModel->save([...])
10 SYSTEMPATH\CodeIgniter.php(933): App\Controllers\DrugController->store()
11 SYSTEMPATH\CodeIgniter.php(507): CodeIgniter\CodeIgniter->runController(Object(App\Controllers\DrugController))
12 SYSTEMPATH\CodeIgniter.php(354): CodeIgniter\CodeIgniter->handleRequest(null, Object(Config\Cache), false)
13 SYSTEMPATH\Boot.php(334): CodeIgniter\CodeIgniter->run()
14 SYSTEMPATH\Boot.php(67): CodeIgniter\Boot::runCodeIgniter(Object(CodeIgniter\CodeIgniter))
15 FCPATH\index.php(56): CodeIgniter\Boot::bootWeb(Object(Config\Paths))
16 SYSTEMPATH\rewrite.php(44): require_once('C:\\xampp\\htdocs\\uiri_clinic\\public\\index.php')
ERROR - 2025-04-28 09:37:07 --> mysqli_sql_exception: Unknown column 'status' in 'field list' in C:\xampp\htdocs\uiri_clinic\system\Database\MySQLi\Connection.php:327
Stack trace:
#0 C:\xampp\htdocs\uiri_clinic\system\Database\MySQLi\Connection.php(327): mysqli->query('INSERT INTO `dr...', 0)
#1 C:\xampp\htdocs\uiri_clinic\system\Database\BaseConnection.php(738): CodeIgniter\Database\MySQLi\Connection->execute('INSERT INTO `dr...')
#2 C:\xampp\htdocs\uiri_clinic\system\Database\BaseConnection.php(652): CodeIgniter\Database\BaseConnection->simpleQuery('INSERT INTO `dr...')
#3 C:\xampp\htdocs\uiri_clinic\system\Database\BaseBuilder.php(2345): CodeIgniter\Database\BaseConnection->query('INSERT INTO `dr...', Array, false)
#4 C:\xampp\htdocs\uiri_clinic\system\Model.php(394): CodeIgniter\Database\BaseBuilder->insert()
#5 C:\xampp\htdocs\uiri_clinic\system\BaseModel.php(839): CodeIgniter\Model->doInsert(Array)
#6 C:\xampp\htdocs\uiri_clinic\system\Model.php(800): CodeIgniter\BaseModel->insert(Array, false)
#7 C:\xampp\htdocs\uiri_clinic\system\BaseModel.php(750): CodeIgniter\Model->insert(Array, false)
#8 C:\xampp\htdocs\uiri_clinic\app\Controllers\DrugController.php(25): CodeIgniter\BaseModel->save(Array)
#9 C:\xampp\htdocs\uiri_clinic\system\CodeIgniter.php(933): App\Controllers\DrugController->store()
#10 C:\xampp\htdocs\uiri_clinic\system\CodeIgniter.php(507): CodeIgniter\CodeIgniter->runController(Object(App\Controllers\DrugController))
#11 C:\xampp\htdocs\uiri_clinic\system\CodeIgniter.php(354): CodeIgniter\CodeIgniter->handleRequest(NULL, Object(Config\Cache), false)
#12 C:\xampp\htdocs\uiri_clinic\system\Boot.php(334): CodeIgniter\CodeIgniter->run()
#13 C:\xampp\htdocs\uiri_clinic\system\Boot.php(67): CodeIgniter\Boot::runCodeIgniter(Object(CodeIgniter\CodeIgniter))
#14 C:\xampp\htdocs\uiri_clinic\public\index.php(56): CodeIgniter\Boot::bootWeb(Object(Config\Paths))
#15 C:\xampp\htdocs\uiri_clinic\system\rewrite.php(44): require_once('C:\\xampp\\htdocs...')
#16 {main}
CRITICAL - 2025-04-28 09:37:07 --> CodeIgniter\Database\Exceptions\DatabaseException: Unknown column 'status' in 'field list'
[Method: POST, Route: drugs/store]
in SYSTEMPATH\Database\BaseConnection.php on line 692.
 1 SYSTEMPATH\Database\BaseBuilder.php(2345): CodeIgniter\Database\BaseConnection->query('INSERT INTO `drugs` (`name`, `dosage`, `quantity_in_stock`, `batch_no`, `manufacture_date`, `expiration_date`, `status`, `created_at`, `updated_at`) VALUES (:name:, :dosage:, :quantity_in_stock:, :batch_no:, :manufacture_date:, :expiration_date:, :status:, :created_at:, :updated_at:)', [...], false)
 2 SYSTEMPATH\Model.php(394): CodeIgniter\Database\BaseBuilder->insert()
 3 SYSTEMPATH\BaseModel.php(839): CodeIgniter\Model->doInsert([...])
 4 SYSTEMPATH\Model.php(800): CodeIgniter\BaseModel->insert([...], false)
 5 SYSTEMPATH\BaseModel.php(750): CodeIgniter\Model->insert([...], false)
 6 APPPATH\Controllers\DrugController.php(25): CodeIgniter\BaseModel->save([...])
 7 SYSTEMPATH\CodeIgniter.php(933): App\Controllers\DrugController->store()
 8 SYSTEMPATH\CodeIgniter.php(507): CodeIgniter\CodeIgniter->runController(Object(App\Controllers\DrugController))
 9 SYSTEMPATH\CodeIgniter.php(354): CodeIgniter\CodeIgniter->handleRequest(null, Object(Config\Cache), false)
10 SYSTEMPATH\Boot.php(334): CodeIgniter\CodeIgniter->run()
11 SYSTEMPATH\Boot.php(67): CodeIgniter\Boot::runCodeIgniter(Object(CodeIgniter\CodeIgniter))
12 FCPATH\index.php(56): CodeIgniter\Boot::bootWeb(Object(Config\Paths))
13 SYSTEMPATH\rewrite.php(44): require_once('C:\\xampp\\htdocs\\uiri_clinic\\public\\index.php')
CRITICAL - 2025-04-28 09:37:07 --> [Caused by] CodeIgniter\Database\Exceptions\DatabaseException: Unknown column 'status' in 'field list'
in SYSTEMPATH\Database\MySQLi\Connection.php on line 332.
 1 SYSTEMPATH\Database\BaseConnection.php(738): CodeIgniter\Database\MySQLi\Connection->execute('INSERT INTO `drugs` (`name`, `dosage`, `quantity_in_stock`, `batch_no`, `manufacture_date`, `expiration_date`, `status`, `created_at`, `updated_at`) VALUES (\'METSELULINE\', \'500MG\', \'300\', \'235245245\', \'2025-04-28\', \'2026-04-28\', \'Available\', \'2025-04-28 09:37:07\', \'2025-04-28 09:37:07\')')
 2 SYSTEMPATH\Database\BaseConnection.php(652): CodeIgniter\Database\BaseConnection->simpleQuery('INSERT INTO `drugs` (`name`, `dosage`, `quantity_in_stock`, `batch_no`, `manufacture_date`, `expiration_date`, `status`, `created_at`, `updated_at`) VALUES (\'METSELULINE\', \'500MG\', \'300\', \'235245245\', \'2025-04-28\', \'2026-04-28\', \'Available\', \'2025-04-28 09:37:07\', \'2025-04-28 09:37:07\')')
 3 SYSTEMPATH\Database\BaseBuilder.php(2345): CodeIgniter\Database\BaseConnection->query('INSERT INTO `drugs` (`name`, `dosage`, `quantity_in_stock`, `batch_no`, `manufacture_date`, `expiration_date`, `status`, `created_at`, `updated_at`) VALUES (:name:, :dosage:, :quantity_in_stock:, :batch_no:, :manufacture_date:, :expiration_date:, :status:, :created_at:, :updated_at:)', [...], false)
 4 SYSTEMPATH\Model.php(394): CodeIgniter\Database\BaseBuilder->insert()
 5 SYSTEMPATH\BaseModel.php(839): CodeIgniter\Model->doInsert([...])
 6 SYSTEMPATH\Model.php(800): CodeIgniter\BaseModel->insert([...], false)
 7 SYSTEMPATH\BaseModel.php(750): CodeIgniter\Model->insert([...], false)
 8 APPPATH\Controllers\DrugController.php(25): CodeIgniter\BaseModel->save([...])
 9 SYSTEMPATH\CodeIgniter.php(933): App\Controllers\DrugController->store()
10 SYSTEMPATH\CodeIgniter.php(507): CodeIgniter\CodeIgniter->runController(Object(App\Controllers\DrugController))
11 SYSTEMPATH\CodeIgniter.php(354): CodeIgniter\CodeIgniter->handleRequest(null, Object(Config\Cache), false)
12 SYSTEMPATH\Boot.php(334): CodeIgniter\CodeIgniter->run()
13 SYSTEMPATH\Boot.php(67): CodeIgniter\Boot::runCodeIgniter(Object(CodeIgniter\CodeIgniter))
14 FCPATH\index.php(56): CodeIgniter\Boot::bootWeb(Object(Config\Paths))
15 SYSTEMPATH\rewrite.php(44): require_once('C:\\xampp\\htdocs\\uiri_clinic\\public\\index.php')
CRITICAL - 2025-04-28 09:37:07 --> [Caused by] mysqli_sql_exception: Unknown column 'status' in 'field list'
in SYSTEMPATH\Database\MySQLi\Connection.php on line 327.
 1 SYSTEMPATH\Database\MySQLi\Connection.php(327): mysqli->query('INSERT INTO `drugs` (`name`, `dosage`, `quantity_in_stock`, `batch_no`, `manufacture_date`, `expiration_date`, `status`, `created_at`, `updated_at`) VALUES (\'METSELULINE\', \'500MG\', \'300\', \'235245245\', \'2025-04-28\', \'2026-04-28\', \'Available\', \'2025-04-28 09:37:07\', \'2025-04-28 09:37:07\')', 0)
 2 SYSTEMPATH\Database\BaseConnection.php(738): CodeIgniter\Database\MySQLi\Connection->execute('INSERT INTO `drugs` (`name`, `dosage`, `quantity_in_stock`, `batch_no`, `manufacture_date`, `expiration_date`, `status`, `created_at`, `updated_at`) VALUES (\'METSELULINE\', \'500MG\', \'300\', \'235245245\', \'2025-04-28\', \'2026-04-28\', \'Available\', \'2025-04-28 09:37:07\', \'2025-04-28 09:37:07\')')
 3 SYSTEMPATH\Database\BaseConnection.php(652): CodeIgniter\Database\BaseConnection->simpleQuery('INSERT INTO `drugs` (`name`, `dosage`, `quantity_in_stock`, `batch_no`, `manufacture_date`, `expiration_date`, `status`, `created_at`, `updated_at`) VALUES (\'METSELULINE\', \'500MG\', \'300\', \'235245245\', \'2025-04-28\', \'2026-04-28\', \'Available\', \'2025-04-28 09:37:07\', \'2025-04-28 09:37:07\')')
 4 SYSTEMPATH\Database\BaseBuilder.php(2345): CodeIgniter\Database\BaseConnection->query('INSERT INTO `drugs` (`name`, `dosage`, `quantity_in_stock`, `batch_no`, `manufacture_date`, `expiration_date`, `status`, `created_at`, `updated_at`) VALUES (:name:, :dosage:, :quantity_in_stock:, :batch_no:, :manufacture_date:, :expiration_date:, :status:, :created_at:, :updated_at:)', [...], false)
 5 SYSTEMPATH\Model.php(394): CodeIgniter\Database\BaseBuilder->insert()
 6 SYSTEMPATH\BaseModel.php(839): CodeIgniter\Model->doInsert([...])
 7 SYSTEMPATH\Model.php(800): CodeIgniter\BaseModel->insert([...], false)
 8 SYSTEMPATH\BaseModel.php(750): CodeIgniter\Model->insert([...], false)
 9 APPPATH\Controllers\DrugController.php(25): CodeIgniter\BaseModel->save([...])
10 SYSTEMPATH\CodeIgniter.php(933): App\Controllers\DrugController->store()
11 SYSTEMPATH\CodeIgniter.php(507): CodeIgniter\CodeIgniter->runController(Object(App\Controllers\DrugController))
12 SYSTEMPATH\CodeIgniter.php(354): CodeIgniter\CodeIgniter->handleRequest(null, Object(Config\Cache), false)
13 SYSTEMPATH\Boot.php(334): CodeIgniter\CodeIgniter->run()
14 SYSTEMPATH\Boot.php(67): CodeIgniter\Boot::runCodeIgniter(Object(CodeIgniter\CodeIgniter))
15 FCPATH\index.php(56): CodeIgniter\Boot::bootWeb(Object(Config\Paths))
16 SYSTEMPATH\rewrite.php(44): require_once('C:\\xampp\\htdocs\\uiri_clinic\\public\\index.php')
