CRITICAL - 2025-04-29 06:14:48 --> CodeIgniter\View\Exceptions\ViewException: Invalid file: "patients/index.php"
[Method: GET, Route: patients]
in SYSTEMPATH\Exceptions\FrameworkException.php on line 39.
 1 SYSTEMPATH\View\View.php(212): CodeIgniter\Exceptions\FrameworkException::forInvalidFile('patients/index.php')
 2 SYSTEMPATH\Common.php(1173): CodeIgniter\View\View->render('patients/index', [], true)
 3 APPPATH\Controllers\PatientController.php(18): view('patients/index', [...])
 4 SYSTEMPATH\CodeIgniter.php(933): App\Controllers\PatientController->index()
 5 SYSTEMPATH\CodeIgniter.php(507): CodeIgniter\CodeIgniter->runController(Object(App\Controllers\PatientController))
 6 SYSTEMPATH\CodeIgniter.php(354): CodeIgniter\CodeIgniter->handleRequest(null, Object(Config\Cache), false)
 7 SYSTEMPATH\Boot.php(334): CodeIgniter\CodeIgniter->run()
 8 SYSTEMPATH\Boot.php(67): CodeIgniter\Boot::runCodeIgniter(Object(CodeIgniter\CodeIgniter))
 9 FCPATH\index.php(56): CodeIgniter\Boot::bootWeb(Object(Config\Paths))
10 SYSTEMPATH\rewrite.php(44): require_once('C:\\xampp\\htdocs\\uiri_clinic\\public\\index.php')
ERROR - 2025-04-29 06:18:08 --> mysqli_sql_exception: Unknown column 'email' in 'field list' in C:\xampp\htdocs\uiri_clinic\system\Database\MySQLi\Connection.php:327
Stack trace:
#0 C:\xampp\htdocs\uiri_clinic\system\Database\MySQLi\Connection.php(327): mysqli->query('INSERT INTO `pa...', 0)
#1 C:\xampp\htdocs\uiri_clinic\system\Database\BaseConnection.php(738): CodeIgniter\Database\MySQLi\Connection->execute('INSERT INTO `pa...')
#2 C:\xampp\htdocs\uiri_clinic\system\Database\BaseConnection.php(652): CodeIgniter\Database\BaseConnection->simpleQuery('INSERT INTO `pa...')
#3 C:\xampp\htdocs\uiri_clinic\system\Database\BaseBuilder.php(2345): CodeIgniter\Database\BaseConnection->query('INSERT INTO `pa...', Array, false)
#4 C:\xampp\htdocs\uiri_clinic\system\Model.php(394): CodeIgniter\Database\BaseBuilder->insert()
#5 C:\xampp\htdocs\uiri_clinic\system\BaseModel.php(839): CodeIgniter\Model->doInsert(Array)
#6 C:\xampp\htdocs\uiri_clinic\system\Model.php(800): CodeIgniter\BaseModel->insert(Array, false)
#7 C:\xampp\htdocs\uiri_clinic\system\BaseModel.php(750): CodeIgniter\Model->insert(Array, false)
#8 C:\xampp\htdocs\uiri_clinic\app\Controllers\PatientController.php(49): CodeIgniter\BaseModel->save(Array)
#9 C:\xampp\htdocs\uiri_clinic\system\CodeIgniter.php(933): App\Controllers\PatientController->store()
#10 C:\xampp\htdocs\uiri_clinic\system\CodeIgniter.php(507): CodeIgniter\CodeIgniter->runController(Object(App\Controllers\PatientController))
#11 C:\xampp\htdocs\uiri_clinic\system\CodeIgniter.php(354): CodeIgniter\CodeIgniter->handleRequest(NULL, Object(Config\Cache), false)
#12 C:\xampp\htdocs\uiri_clinic\system\Boot.php(334): CodeIgniter\CodeIgniter->run()
#13 C:\xampp\htdocs\uiri_clinic\system\Boot.php(67): CodeIgniter\Boot::runCodeIgniter(Object(CodeIgniter\CodeIgniter))
#14 C:\xampp\htdocs\uiri_clinic\public\index.php(56): CodeIgniter\Boot::bootWeb(Object(Config\Paths))
#15 C:\xampp\htdocs\uiri_clinic\system\rewrite.php(44): require_once('C:\\xampp\\htdocs...')
#16 {main}
CRITICAL - 2025-04-29 06:18:08 --> CodeIgniter\Database\Exceptions\DatabaseException: Unknown column 'email' in 'field list'
[Method: POST, Route: patients/store]
in SYSTEMPATH\Database\BaseConnection.php on line 692.
 1 SYSTEMPATH\Database\BaseBuilder.php(2345): CodeIgniter\Database\BaseConnection->query('INSERT INTO `patients` (`first_name`, `last_name`, `email`, `phone`, `gender`, `date_of_birth`, `address`, `created_at`, `updated_at`) VALUES (:first_name:, :last_name:, :email:, :phone:, :gender:, :date_of_birth:, :address:, :created_at:, :updated_at:)', [...], false)
 2 SYSTEMPATH\Model.php(394): CodeIgniter\Database\BaseBuilder->insert()
 3 SYSTEMPATH\BaseModel.php(839): CodeIgniter\Model->doInsert([...])
 4 SYSTEMPATH\Model.php(800): CodeIgniter\BaseModel->insert([...], false)
 5 SYSTEMPATH\BaseModel.php(750): CodeIgniter\Model->insert([...], false)
 6 APPPATH\Controllers\PatientController.php(49): CodeIgniter\BaseModel->save([...])
 7 SYSTEMPATH\CodeIgniter.php(933): App\Controllers\PatientController->store()
 8 SYSTEMPATH\CodeIgniter.php(507): CodeIgniter\CodeIgniter->runController(Object(App\Controllers\PatientController))
 9 SYSTEMPATH\CodeIgniter.php(354): CodeIgniter\CodeIgniter->handleRequest(null, Object(Config\Cache), false)
10 SYSTEMPATH\Boot.php(334): CodeIgniter\CodeIgniter->run()
11 SYSTEMPATH\Boot.php(67): CodeIgniter\Boot::runCodeIgniter(Object(CodeIgniter\CodeIgniter))
12 FCPATH\index.php(56): CodeIgniter\Boot::bootWeb(Object(Config\Paths))
13 SYSTEMPATH\rewrite.php(44): require_once('C:\\xampp\\htdocs\\uiri_clinic\\public\\index.php')
CRITICAL - 2025-04-29 06:18:08 --> [Caused by] CodeIgniter\Database\Exceptions\DatabaseException: Unknown column 'email' in 'field list'
in SYSTEMPATH\Database\MySQLi\Connection.php on line 332.
 1 SYSTEMPATH\Database\BaseConnection.php(738): CodeIgniter\Database\MySQLi\Connection->execute('INSERT INTO `patients` (`first_name`, `last_name`, `email`, `phone`, `gender`, `date_of_birth`, `address`, `created_at`, `updated_at`) VALUES (\'Alverios\', \'Krefeld\', \'ausvin60@gmail.com\', \'0774282821\', \'Male\', \'1996-01-20\', \'Entebbe Kampala\', \'2025-04-29 06:18:08\', \'2025-04-29 06:18:08\')')
 2 SYSTEMPATH\Database\BaseConnection.php(652): CodeIgniter\Database\BaseConnection->simpleQuery('INSERT INTO `patients` (`first_name`, `last_name`, `email`, `phone`, `gender`, `date_of_birth`, `address`, `created_at`, `updated_at`) VALUES (\'Alverios\', \'Krefeld\', \'ausvin60@gmail.com\', \'0774282821\', \'Male\', \'1996-01-20\', \'Entebbe Kampala\', \'2025-04-29 06:18:08\', \'2025-04-29 06:18:08\')')
 3 SYSTEMPATH\Database\BaseBuilder.php(2345): CodeIgniter\Database\BaseConnection->query('INSERT INTO `patients` (`first_name`, `last_name`, `email`, `phone`, `gender`, `date_of_birth`, `address`, `created_at`, `updated_at`) VALUES (:first_name:, :last_name:, :email:, :phone:, :gender:, :date_of_birth:, :address:, :created_at:, :updated_at:)', [...], false)
 4 SYSTEMPATH\Model.php(394): CodeIgniter\Database\BaseBuilder->insert()
 5 SYSTEMPATH\BaseModel.php(839): CodeIgniter\Model->doInsert([...])
 6 SYSTEMPATH\Model.php(800): CodeIgniter\BaseModel->insert([...], false)
 7 SYSTEMPATH\BaseModel.php(750): CodeIgniter\Model->insert([...], false)
 8 APPPATH\Controllers\PatientController.php(49): CodeIgniter\BaseModel->save([...])
 9 SYSTEMPATH\CodeIgniter.php(933): App\Controllers\PatientController->store()
10 SYSTEMPATH\CodeIgniter.php(507): CodeIgniter\CodeIgniter->runController(Object(App\Controllers\PatientController))
11 SYSTEMPATH\CodeIgniter.php(354): CodeIgniter\CodeIgniter->handleRequest(null, Object(Config\Cache), false)
12 SYSTEMPATH\Boot.php(334): CodeIgniter\CodeIgniter->run()
13 SYSTEMPATH\Boot.php(67): CodeIgniter\Boot::runCodeIgniter(Object(CodeIgniter\CodeIgniter))
14 FCPATH\index.php(56): CodeIgniter\Boot::bootWeb(Object(Config\Paths))
15 SYSTEMPATH\rewrite.php(44): require_once('C:\\xampp\\htdocs\\uiri_clinic\\public\\index.php')
CRITICAL - 2025-04-29 06:18:08 --> [Caused by] mysqli_sql_exception: Unknown column 'email' in 'field list'
in SYSTEMPATH\Database\MySQLi\Connection.php on line 327.
 1 SYSTEMPATH\Database\MySQLi\Connection.php(327): mysqli->query('INSERT INTO `patients` (`first_name`, `last_name`, `email`, `phone`, `gender`, `date_of_birth`, `address`, `created_at`, `updated_at`) VALUES (\'Alverios\', \'Krefeld\', \'ausvin60@gmail.com\', \'0774282821\', \'Male\', \'1996-01-20\', \'Entebbe Kampala\', \'2025-04-29 06:18:08\', \'2025-04-29 06:18:08\')', 0)
 2 SYSTEMPATH\Database\BaseConnection.php(738): CodeIgniter\Database\MySQLi\Connection->execute('INSERT INTO `patients` (`first_name`, `last_name`, `email`, `phone`, `gender`, `date_of_birth`, `address`, `created_at`, `updated_at`) VALUES (\'Alverios\', \'Krefeld\', \'ausvin60@gmail.com\', \'0774282821\', \'Male\', \'1996-01-20\', \'Entebbe Kampala\', \'2025-04-29 06:18:08\', \'2025-04-29 06:18:08\')')
 3 SYSTEMPATH\Database\BaseConnection.php(652): CodeIgniter\Database\BaseConnection->simpleQuery('INSERT INTO `patients` (`first_name`, `last_name`, `email`, `phone`, `gender`, `date_of_birth`, `address`, `created_at`, `updated_at`) VALUES (\'Alverios\', \'Krefeld\', \'ausvin60@gmail.com\', \'0774282821\', \'Male\', \'1996-01-20\', \'Entebbe Kampala\', \'2025-04-29 06:18:08\', \'2025-04-29 06:18:08\')')
 4 SYSTEMPATH\Database\BaseBuilder.php(2345): CodeIgniter\Database\BaseConnection->query('INSERT INTO `patients` (`first_name`, `last_name`, `email`, `phone`, `gender`, `date_of_birth`, `address`, `created_at`, `updated_at`) VALUES (:first_name:, :last_name:, :email:, :phone:, :gender:, :date_of_birth:, :address:, :created_at:, :updated_at:)', [...], false)
 5 SYSTEMPATH\Model.php(394): CodeIgniter\Database\BaseBuilder->insert()
 6 SYSTEMPATH\BaseModel.php(839): CodeIgniter\Model->doInsert([...])
 7 SYSTEMPATH\Model.php(800): CodeIgniter\BaseModel->insert([...], false)
 8 SYSTEMPATH\BaseModel.php(750): CodeIgniter\Model->insert([...], false)
 9 APPPATH\Controllers\PatientController.php(49): CodeIgniter\BaseModel->save([...])
10 SYSTEMPATH\CodeIgniter.php(933): App\Controllers\PatientController->store()
11 SYSTEMPATH\CodeIgniter.php(507): CodeIgniter\CodeIgniter->runController(Object(App\Controllers\PatientController))
12 SYSTEMPATH\CodeIgniter.php(354): CodeIgniter\CodeIgniter->handleRequest(null, Object(Config\Cache), false)
13 SYSTEMPATH\Boot.php(334): CodeIgniter\CodeIgniter->run()
14 SYSTEMPATH\Boot.php(67): CodeIgniter\Boot::runCodeIgniter(Object(CodeIgniter\CodeIgniter))
15 FCPATH\index.php(56): CodeIgniter\Boot::bootWeb(Object(Config\Paths))
16 SYSTEMPATH\rewrite.php(44): require_once('C:\\xampp\\htdocs\\uiri_clinic\\public\\index.php')
