CRITICAL - 2025-05-26 07:07:00 --> Error: Call to undefined function validation_show_error()
[Method: GET, Route: visits]
in APPPATH\Views\manage_visits.php on line 161.
 1 SYSTEMPATH\View\View.php(224): include()
 2 SYSTEMPATH\View\View.php(227): CodeIgniter\View\View->CodeIgniter\View\{closure}()
 3 SYSTEMPATH\Common.php(1173): CodeIgniter\View\View->render('manage_visits', [], true)
 4 APPPATH\Controllers\VisitController.php(67): view('manage_visits', [...])
 5 SYSTEMPATH\CodeIgniter.php(933): App\Controllers\VisitController->index()
 6 SYSTEMPATH\CodeIgniter.php(507): CodeIgniter\CodeIgniter->runController(Object(App\Controllers\VisitController))
 7 SYSTEMPATH\CodeIgniter.php(354): CodeIgniter\CodeIgniter->handleRequest(null, Object(Config\Cache), false)
 8 SYSTEMPATH\Boot.php(334): CodeIgniter\CodeIgniter->run()
 9 SYSTEMPATH\Boot.php(67): CodeIgniter\Boot::runCodeIgniter(Object(CodeIgniter\CodeIgniter))
10 FCPATH\index.php(56): CodeIgniter\Boot::bootWeb(Object(Config\Paths))
11 SYSTEMPATH\rewrite.php(44): require_once('C:\\xampp\\htdocs\\uiri_clinic\\public\\index.php')
CRITICAL - 2025-05-26 07:07:09 --> Error: Call to undefined function validation_show_error()
[Method: GET, Route: visits]
in APPPATH\Views\manage_visits.php on line 161.
 1 SYSTEMPATH\View\View.php(224): include()
 2 SYSTEMPATH\View\View.php(227): CodeIgniter\View\View->CodeIgniter\View\{closure}()
 3 SYSTEMPATH\Common.php(1173): CodeIgniter\View\View->render('manage_visits', [], true)
 4 APPPATH\Controllers\VisitController.php(67): view('manage_visits', [...])
 5 SYSTEMPATH\CodeIgniter.php(933): App\Controllers\VisitController->index()
 6 SYSTEMPATH\CodeIgniter.php(507): CodeIgniter\CodeIgniter->runController(Object(App\Controllers\VisitController))
 7 SYSTEMPATH\CodeIgniter.php(354): CodeIgniter\CodeIgniter->handleRequest(null, Object(Config\Cache), false)
 8 SYSTEMPATH\Boot.php(334): CodeIgniter\CodeIgniter->run()
 9 SYSTEMPATH\Boot.php(67): CodeIgniter\Boot::runCodeIgniter(Object(CodeIgniter\CodeIgniter))
10 FCPATH\index.php(56): CodeIgniter\Boot::bootWeb(Object(Config\Paths))
11 SYSTEMPATH\rewrite.php(44): require_once('C:\\xampp\\htdocs\\uiri_clinic\\public\\index.php')
CRITICAL - 2025-05-26 07:10:32 --> Error: Call to undefined function validation_show_error()
[Method: GET, Route: visits]
in APPPATH\Views\manage_visits.php on line 161.
 1 SYSTEMPATH\View\View.php(224): include()
 2 SYSTEMPATH\View\View.php(227): CodeIgniter\View\View->CodeIgniter\View\{closure}()
 3 SYSTEMPATH\Common.php(1173): CodeIgniter\View\View->render('manage_visits', [], true)
 4 APPPATH\Controllers\VisitController.php(67): view('manage_visits', [...])
 5 SYSTEMPATH\CodeIgniter.php(933): App\Controllers\VisitController->index()
 6 SYSTEMPATH\CodeIgniter.php(507): CodeIgniter\CodeIgniter->runController(Object(App\Controllers\VisitController))
 7 SYSTEMPATH\CodeIgniter.php(354): CodeIgniter\CodeIgniter->handleRequest(null, Object(Config\Cache), false)
 8 SYSTEMPATH\Boot.php(334): CodeIgniter\CodeIgniter->run()
 9 SYSTEMPATH\Boot.php(67): CodeIgniter\Boot::runCodeIgniter(Object(CodeIgniter\CodeIgniter))
10 FCPATH\index.php(56): CodeIgniter\Boot::bootWeb(Object(Config\Paths))
11 SYSTEMPATH\rewrite.php(44): require_once('C:\\xampp\\htdocs\\uiri_clinic\\public\\index.php')
CRITICAL - 2025-05-26 08:21:11 --> Error: Call to undefined function getStatusColor()
[Method: GET, Route: visits]
in APPPATH\Views\manage_visits.php on line 61.
 1 SYSTEMPATH\View\View.php(224): include()
 2 SYSTEMPATH\View\View.php(227): CodeIgniter\View\View->CodeIgniter\View\{closure}()
 3 SYSTEMPATH\Common.php(1173): CodeIgniter\View\View->render('manage_visits', [], true)
 4 APPPATH\Controllers\VisitController.php(67): view('manage_visits', [...])
 5 SYSTEMPATH\CodeIgniter.php(933): App\Controllers\VisitController->index()
 6 SYSTEMPATH\CodeIgniter.php(507): CodeIgniter\CodeIgniter->runController(Object(App\Controllers\VisitController))
 7 SYSTEMPATH\CodeIgniter.php(354): CodeIgniter\CodeIgniter->handleRequest(null, Object(Config\Cache), false)
 8 SYSTEMPATH\Boot.php(334): CodeIgniter\CodeIgniter->run()
 9 SYSTEMPATH\Boot.php(67): CodeIgniter\Boot::runCodeIgniter(Object(CodeIgniter\CodeIgniter))
10 FCPATH\index.php(56): CodeIgniter\Boot::bootWeb(Object(Config\Paths))
11 SYSTEMPATH\rewrite.php(44): require_once('C:\\xampp\\htdocs\\uiri_clinic\\public\\index.php')
CRITICAL - 2025-05-26 08:21:45 --> Error: Call to undefined function getStatusColor()
[Method: GET, Route: visits]
in APPPATH\Views\manage_visits.php on line 61.
 1 SYSTEMPATH\View\View.php(224): include()
 2 SYSTEMPATH\View\View.php(227): CodeIgniter\View\View->CodeIgniter\View\{closure}()
 3 SYSTEMPATH\Common.php(1173): CodeIgniter\View\View->render('manage_visits', [], true)
 4 APPPATH\Controllers\VisitController.php(67): view('manage_visits', [...])
 5 SYSTEMPATH\CodeIgniter.php(933): App\Controllers\VisitController->index()
 6 SYSTEMPATH\CodeIgniter.php(507): CodeIgniter\CodeIgniter->runController(Object(App\Controllers\VisitController))
 7 SYSTEMPATH\CodeIgniter.php(354): CodeIgniter\CodeIgniter->handleRequest(null, Object(Config\Cache), false)
 8 SYSTEMPATH\Boot.php(334): CodeIgniter\CodeIgniter->run()
 9 SYSTEMPATH\Boot.php(67): CodeIgniter\Boot::runCodeIgniter(Object(CodeIgniter\CodeIgniter))
10 FCPATH\index.php(56): CodeIgniter\Boot::bootWeb(Object(Config\Paths))
11 SYSTEMPATH\rewrite.php(44): require_once('C:\\xampp\\htdocs\\uiri_clinic\\public\\index.php')
CRITICAL - 2025-05-26 08:37:25 --> Error: Call to undefined function getStatusColor()
[Method: GET, Route: visits]
in APPPATH\Views\manage_visits.php on line 68.
 1 SYSTEMPATH\View\View.php(224): include()
 2 SYSTEMPATH\View\View.php(227): CodeIgniter\View\View->CodeIgniter\View\{closure}()
 3 SYSTEMPATH\Common.php(1173): CodeIgniter\View\View->render('manage_visits', [], true)
 4 APPPATH\Controllers\VisitController.php(67): view('manage_visits', [...])
 5 SYSTEMPATH\CodeIgniter.php(933): App\Controllers\VisitController->index()
 6 SYSTEMPATH\CodeIgniter.php(507): CodeIgniter\CodeIgniter->runController(Object(App\Controllers\VisitController))
 7 SYSTEMPATH\CodeIgniter.php(354): CodeIgniter\CodeIgniter->handleRequest(null, Object(Config\Cache), false)
 8 SYSTEMPATH\Boot.php(334): CodeIgniter\CodeIgniter->run()
 9 SYSTEMPATH\Boot.php(67): CodeIgniter\Boot::runCodeIgniter(Object(CodeIgniter\CodeIgniter))
10 FCPATH\index.php(56): CodeIgniter\Boot::bootWeb(Object(Config\Paths))
11 SYSTEMPATH\rewrite.php(44): require_once('C:\\xampp\\htdocs\\uiri_clinic\\public\\index.php')
CRITICAL - 2025-05-26 08:41:23 --> Error: Call to undefined function getStatusColor()
[Method: GET, Route: visits]
in APPPATH\Views\manage_visits.php on line 68.
 1 SYSTEMPATH\View\View.php(224): include()
 2 SYSTEMPATH\View\View.php(227): CodeIgniter\View\View->CodeIgniter\View\{closure}()
 3 SYSTEMPATH\Common.php(1173): CodeIgniter\View\View->render('manage_visits', [], true)
 4 APPPATH\Controllers\VisitController.php(67): view('manage_visits', [...])
 5 SYSTEMPATH\CodeIgniter.php(933): App\Controllers\VisitController->index()
 6 SYSTEMPATH\CodeIgniter.php(507): CodeIgniter\CodeIgniter->runController(Object(App\Controllers\VisitController))
 7 SYSTEMPATH\CodeIgniter.php(354): CodeIgniter\CodeIgniter->handleRequest(null, Object(Config\Cache), false)
 8 SYSTEMPATH\Boot.php(334): CodeIgniter\CodeIgniter->run()
 9 SYSTEMPATH\Boot.php(67): CodeIgniter\Boot::runCodeIgniter(Object(CodeIgniter\CodeIgniter))
10 FCPATH\index.php(56): CodeIgniter\Boot::bootWeb(Object(Config\Paths))
11 SYSTEMPATH\rewrite.php(44): require_once('C:\\xampp\\htdocs\\uiri_clinic\\public\\index.php')
CRITICAL - 2025-05-26 08:45:22 --> Error: Call to undefined function getStatusColor()
[Method: GET, Route: visits]
in APPPATH\Views\manage_visits.php on line 68.
 1 SYSTEMPATH\View\View.php(224): include()
 2 SYSTEMPATH\View\View.php(227): CodeIgniter\View\View->CodeIgniter\View\{closure}()
 3 SYSTEMPATH\Common.php(1173): CodeIgniter\View\View->render('manage_visits', [], true)
 4 APPPATH\Controllers\VisitController.php(67): view('manage_visits', [...])
 5 SYSTEMPATH\CodeIgniter.php(933): App\Controllers\VisitController->index()
 6 SYSTEMPATH\CodeIgniter.php(507): CodeIgniter\CodeIgniter->runController(Object(App\Controllers\VisitController))
 7 SYSTEMPATH\CodeIgniter.php(354): CodeIgniter\CodeIgniter->handleRequest(null, Object(Config\Cache), false)
 8 SYSTEMPATH\Boot.php(334): CodeIgniter\CodeIgniter->run()
 9 SYSTEMPATH\Boot.php(67): CodeIgniter\Boot::runCodeIgniter(Object(CodeIgniter\CodeIgniter))
10 FCPATH\index.php(56): CodeIgniter\Boot::bootWeb(Object(Config\Paths))
11 SYSTEMPATH\rewrite.php(44): require_once('C:\\xampp\\htdocs\\uiri_clinic\\public\\index.php')
ERROR - 2025-05-26 08:47:43 --> VisitController::index - Error loading visit data: Undefined array key "patient_name"
ERROR - 2025-05-26 08:47:47 --> VisitController::index - Error loading visit data: Undefined array key "patient_name"
ERROR - 2025-05-26 08:47:50 --> VisitController::index - Error loading visit data: Undefined array key "patient_name"
ERROR - 2025-05-26 08:47:52 --> VisitController::index - Error loading visit data: Undefined array key "patient_name"
ERROR - 2025-05-26 08:47:53 --> VisitController::index - Error loading visit data: Undefined array key "patient_name"
ERROR - 2025-05-26 08:47:59 --> VisitController::index - Error loading visit data: Undefined array key "patient_name"
ERROR - 2025-05-26 08:48:00 --> VisitController::index - Error loading visit data: Undefined array key "patient_name"
ERROR - 2025-05-26 08:48:02 --> VisitController::index - Error loading visit data: Undefined array key "patient_name"
ERROR - 2025-05-26 08:50:18 --> VisitController::index - Error loading visit data: Undefined array key "patient_name"
ERROR - 2025-05-26 08:50:20 --> VisitController::index - Error loading visit data: Undefined array key "patient_name"
CRITICAL - 2025-05-26 08:53:22 --> Error: Call to undefined function getStatusColor()
[Method: GET, Route: visits]
in APPPATH\Views\manage_visits.php on line 68.
 1 SYSTEMPATH\View\View.php(224): include()
 2 SYSTEMPATH\View\View.php(227): CodeIgniter\View\View->CodeIgniter\View\{closure}()
 3 SYSTEMPATH\Common.php(1173): CodeIgniter\View\View->render('manage_visits', [], true)
 4 APPPATH\Controllers\VisitController.php(67): view('manage_visits', [...])
 5 SYSTEMPATH\CodeIgniter.php(933): App\Controllers\VisitController->index()
 6 SYSTEMPATH\CodeIgniter.php(507): CodeIgniter\CodeIgniter->runController(Object(App\Controllers\VisitController))
 7 SYSTEMPATH\CodeIgniter.php(354): CodeIgniter\CodeIgniter->handleRequest(null, Object(Config\Cache), false)
 8 SYSTEMPATH\Boot.php(334): CodeIgniter\CodeIgniter->run()
 9 SYSTEMPATH\Boot.php(67): CodeIgniter\Boot::runCodeIgniter(Object(CodeIgniter\CodeIgniter))
10 FCPATH\index.php(56): CodeIgniter\Boot::bootWeb(Object(Config\Paths))
11 SYSTEMPATH\rewrite.php(44): require_once('C:\\xampp\\htdocs\\uiri_clinic\\public\\index.php')
CRITICAL - 2025-05-26 08:54:26 --> Error: Call to undefined function getStatusColor()
[Method: GET, Route: visits]
in APPPATH\Views\manage_visits.php on line 68.
 1 SYSTEMPATH\View\View.php(224): include()
 2 SYSTEMPATH\View\View.php(227): CodeIgniter\View\View->CodeIgniter\View\{closure}()
 3 SYSTEMPATH\Common.php(1173): CodeIgniter\View\View->render('manage_visits', [], true)
 4 APPPATH\Controllers\VisitController.php(67): view('manage_visits', [...])
 5 SYSTEMPATH\CodeIgniter.php(933): App\Controllers\VisitController->index()
 6 SYSTEMPATH\CodeIgniter.php(507): CodeIgniter\CodeIgniter->runController(Object(App\Controllers\VisitController))
 7 SYSTEMPATH\CodeIgniter.php(354): CodeIgniter\CodeIgniter->handleRequest(null, Object(Config\Cache), false)
 8 SYSTEMPATH\Boot.php(334): CodeIgniter\CodeIgniter->run()
 9 SYSTEMPATH\Boot.php(67): CodeIgniter\Boot::runCodeIgniter(Object(CodeIgniter\CodeIgniter))
10 FCPATH\index.php(56): CodeIgniter\Boot::bootWeb(Object(Config\Paths))
11 SYSTEMPATH\rewrite.php(44): require_once('C:\\xampp\\htdocs\\uiri_clinic\\public\\index.php')
CRITICAL - 2025-05-26 08:54:30 --> Error: Call to undefined function getStatusColor()
[Method: GET, Route: visits]
in APPPATH\Views\manage_visits.php on line 68.
 1 SYSTEMPATH\View\View.php(224): include()
 2 SYSTEMPATH\View\View.php(227): CodeIgniter\View\View->CodeIgniter\View\{closure}()
 3 SYSTEMPATH\Common.php(1173): CodeIgniter\View\View->render('manage_visits', [], true)
 4 APPPATH\Controllers\VisitController.php(67): view('manage_visits', [...])
 5 SYSTEMPATH\CodeIgniter.php(933): App\Controllers\VisitController->index()
 6 SYSTEMPATH\CodeIgniter.php(507): CodeIgniter\CodeIgniter->runController(Object(App\Controllers\VisitController))
 7 SYSTEMPATH\CodeIgniter.php(354): CodeIgniter\CodeIgniter->handleRequest(null, Object(Config\Cache), false)
 8 SYSTEMPATH\Boot.php(334): CodeIgniter\CodeIgniter->run()
 9 SYSTEMPATH\Boot.php(67): CodeIgniter\Boot::runCodeIgniter(Object(CodeIgniter\CodeIgniter))
10 FCPATH\index.php(56): CodeIgniter\Boot::bootWeb(Object(Config\Paths))
11 SYSTEMPATH\rewrite.php(44): require_once('C:\\xampp\\htdocs\\uiri_clinic\\public\\index.php')
ERROR - 2025-05-26 08:54:52 --> VisitController::index - Error loading visit data: Undefined variable $visitIsPast
ERROR - 2025-05-26 08:54:56 --> VisitController::index - Error loading visit data: Undefined variable $visitIsPast
ERROR - 2025-05-26 08:55:00 --> VisitController::index - Error loading visit data: Undefined variable $visitIsPast
ERROR - 2025-05-26 08:55:03 --> VisitController::index - Error loading visit data: Undefined variable $visitIsPast
